2019-12-19 10:48:53,028 INFO oliviarocks 1 4 0 0 367 EXPERIMENT_LOGIN
2019-12-19 10:49:09,834 INFO oliviarocks 1 4 0 0 367 DEMOGRAPHICS_SURVEY_STARTED
2019-12-19 10:49:29,947 INFO oliviarocks 1 4 0 0 367 DEMOGRAPHICS_SURVEY_COMPLETED
2019-12-19 10:49:30,215 INFO oliviarocks 1 4 0 0 367 PST_A_STARTED
2019-12-19 10:51:47,135 INFO oliviarocks 1 4 0 0 367 PST_A_COMPLETED 12 0
2019-12-19 10:51:47,400 INFO oliviarocks 1 4 0 0 367 PST_NUMBER_STARTED
2019-12-19 10:54:44,420 INFO oliviarocks 1 4 0 0 367 PST_NUMBER_COMPLETED 6 0
2019-12-19 10:54:55,817 INFO oliviarocks 1 4 0 0 367 PRACTICE_SEARCH_TASK_COMMENCED
2019-12-19 10:54:55,835 INFO oliviarocks 1 4 0 0 367 VIEW_SEARCH_BOX 1
2019-12-19 10:54:56,325 INFO oliviarocks 1 4 0 0 367 QUERY_FOCUS
2019-12-19 10:54:58,648 INFO oliviarocks 1 4 0 0 367 QUERY_ISSUED 'pirates'
2019-12-19 10:54:58,651 INFO oliviarocks 1 4 0 0 367 QUERY_START 'pirates'
2019-12-19 10:54:58,867 INFO oliviarocks 1 4 0 0 367 QUERY_END 'pirates'
2019-12-19 10:54:58,871 INFO oliviarocks 1 4 0 0 367 QUERY_COMPLETE 'pirates'
2019-12-19 10:54:58,874 INFO oliviarocks 1 4 0 0 367 SEARCH_RESULTS_PAGE_QUALITY 1  0 10 0
2019-12-19 10:54:58,876 INFO oliviarocks 1 4 0 0 367 QUERY_PERFORMANCE 'pirates' 0.0 0.0 0.0 0.0 0.0 0.0 0.0 0.0 0.0 0.0
2019-12-19 10:54:58,891 INFO oliviarocks 1 4 0 0 367 VIEW_SEARCH_RESULTS_PAGE 1
2019-12-19 10:55:01,460 INFO oliviarocks 1 4 0 0 367 DOCUMENT_HOVER_IN 0 367 162 -2 ad-top
2019-12-19 10:55:01,654 INFO oliviarocks 1 4 0 0 367 DOCUMENT_HOVER_OUT 0 367 162 -2 ad-top
2019-12-19 10:55:01,667 INFO oliviarocks 1 4 0 0 367 DOCUMENT_HOVER_IN 54283 1586113 583 -2 1
2019-12-19 10:55:02,321 INFO oliviarocks 1 4 0 0 367 DOCUMENT_HOVER_OUT 54283 1586113 583 -2 1
2019-12-19 10:55:02,324 INFO oliviarocks 1 4 0 0 367 DOCUMENT_HOVER_IN 12586 384588 526 -2 2
2019-12-19 10:55:03,358 INFO oliviarocks 1 4 0 0 367 DOCUMENT_HOVER_OUT 12586 384588 526 -2 2
2019-12-19 10:55:03,416 INFO oliviarocks 1 4 0 0 367 DOCUMENT_HOVER_IN 12129 371602 583 -2 3
2019-12-19 10:55:04,997 INFO oliviarocks 1 4 0 0 367 DOCUMENT_HOVER_OUT 12129 371602 583 -2 3
2019-12-19 10:55:05,016 INFO oliviarocks 1 4 0 0 367 DOCUMENT_HOVER_IN 39643 1176328 414 -2 4
2019-12-19 10:55:05,940 INFO oliviarocks 1 4 0 0 367 DOCUMENT_HOVER_IN 6933 206513 162 -2 5
2019-12-19 10:55:05,945 INFO oliviarocks 1 4 0 0 367 DOCUMENT_HOVER_OUT 39643 1176328 414 -2 4
2019-12-19 10:55:06,914 INFO oliviarocks 1 4 0 0 367 DOCUMENT_HOVER_OUT 6933 206513 162 -2 5
2019-12-19 10:55:06,916 INFO oliviarocks 1 4 0 0 367 DOCUMENT_HOVER_IN 22773 696796 508 -2 6
2019-12-19 10:55:07,805 INFO oliviarocks 1 4 0 0 367 DOCUMENT_HOVER_IN 39622 1175419 508 -2 7
2019-12-19 10:55:07,812 INFO oliviarocks 1 4 0 0 367 DOCUMENT_HOVER_OUT 22773 696796 508 -2 6
2019-12-19 10:55:08,505 INFO oliviarocks 1 4 0 0 367 DOCUMENT_HOVER_IN 18470 563432 583 -2 8
2019-12-19 10:55:08,510 INFO oliviarocks 1 4 0 0 367 DOCUMENT_HOVER_OUT 39622 1175419 508 -2 7
2019-12-19 10:55:09,521 INFO oliviarocks 1 4 0 0 367 DOCUMENT_HOVER_IN 7388 221425 52 -2 9
2019-12-19 10:55:09,527 INFO oliviarocks 1 4 0 0 367 DOCUMENT_HOVER_OUT 18470 563432 583 -2 8
2019-12-19 10:55:10,097 INFO oliviarocks 1 4 0 0 367 DOCUMENT_HOVER_OUT 7388 221425 52 -2 9
2019-12-19 10:55:11,091 INFO oliviarocks 1 4 0 0 367 DOCUMENT_HOVER_IN 54283 1586113 583 -2 1
2019-12-19 10:55:11,163 INFO oliviarocks 1 4 0 0 367 DOCUMENT_HOVER_OUT 54283 1586113 583 -2 1
2019-12-19 10:55:11,391 INFO oliviarocks 1 4 0 0 367 DOCUMENT_HOVER_IN 0 367 162 -2 ad-top
2019-12-19 10:55:11,414 INFO oliviarocks 1 4 0 0 367 DOCUMENT_HOVER_OUT 0 367 162 -2 ad-top
2019-12-19 10:55:11,982 INFO oliviarocks 1 4 0 0 367 QUERY_FOCUS
2019-12-19 10:55:13,748 INFO oliviarocks 1 4 0 0 367 QUERY_ISSUED 'pirates at sea'
2019-12-19 10:55:13,750 INFO oliviarocks 1 4 0 0 367 QUERY_START 'pirates at sea'
2019-12-19 10:55:13,885 INFO oliviarocks 1 4 0 0 367 QUERY_END 'pirates at sea'
2019-12-19 10:55:13,888 INFO oliviarocks 1 4 0 0 367 QUERY_COMPLETE 'pirates at sea'
2019-12-19 10:55:13,890 INFO oliviarocks 1 4 0 0 367 SEARCH_RESULTS_PAGE_QUALITY 1  0 10 8
2019-12-19 10:55:13,892 INFO oliviarocks 1 4 0 0 367 QUERY_PERFORMANCE 'pirates at sea' 1.0 1.0 0.67 0.75 0.8 0.67 0.71 0.75 0.78 0.8
2019-12-19 10:55:13,903 INFO oliviarocks 1 4 0 0 367 VIEW_SEARCH_RESULTS_PAGE 1
2019-12-19 10:55:14,791 INFO oliviarocks 1 4 0 0 367 DOCUMENT_HOVER_IN 0 367 162 -2 ad-top
2019-12-19 10:55:16,179 INFO oliviarocks 1 4 0 0 367 DOCUMENT_HOVER_OUT 0 367 162 -2 ad-top
2019-12-19 10:55:16,192 INFO oliviarocks 1 4 0 0 367 DOCUMENT_HOVER_IN 2774 73878 459 -2 6
2019-12-19 10:55:16,709 INFO oliviarocks 1 4 0 0 367 DOCUMENT_HOVER_IN 31032 924343 933 -2 9
2019-12-19 10:55:16,719 INFO oliviarocks 1 4 0 0 367 DOCUMENT_HOVER_OUT 2774 73878 459 -2 6
2019-12-19 10:55:17,426 INFO oliviarocks 1 4 0 0 367 DOCUMENT_HOVER_OUT 31032 924343 933 -2 9
2019-12-19 10:55:17,443 INFO oliviarocks 1 4 0 0 367 DOCUMENT_HOVER_IN 9013 273784 97 -2 10
2019-12-19 10:55:23,614 INFO oliviarocks 1 4 0 0 367 DOCUMENT_HOVER_OUT 9013 273784 97 -2 10
2019-12-19 10:55:23,642 INFO oliviarocks 1 4 0 0 367 DOCUMENT_HOVER_IN 31032 924343 933 -2 9
2019-12-19 10:55:24,184 INFO oliviarocks 1 4 0 0 367 DOCUMENT_HOVER_IN 0 367 162 -2 ad-top
2019-12-19 10:55:24,190 INFO oliviarocks 1 4 0 0 367 DOCUMENT_HOVER_OUT 31032 924343 933 -2 9
2019-12-19 10:55:25,373 INFO oliviarocks 1 4 0 0 367 DOCUMENT_HOVER_OUT 0 367 162 -2 ad-top
2019-12-19 10:55:25,551 INFO oliviarocks 1 4 0 0 367 DOCUMENT_HOVER_IN 8157 247683 262 -2 1
2019-12-19 10:55:26,383 INFO oliviarocks 1 4 0 0 367 DOC_CLICKED 8157  0 -2 -2
2019-12-19 10:55:26,389 INFO oliviarocks 1 4 0 0 367 DOC_MARKED_VIEWED 8157 247683 262 -2 1
2019-12-19 10:55:50,753 INFO oliviarocks 1 4 0 0 367 DOCUMENT_HOVER_IN 8157 367 262 -2 ad-top
2019-12-19 10:55:50,942 INFO oliviarocks 1 4 0 0 367 DOCUMENT_HOVER_OUT 8157 367 262 -2 ad-top
2019-12-19 10:55:51,382 INFO oliviarocks 1 4 0 0 367 DOC_MARKED_RELEVANT 8157 247683 262 1 1
2019-12-19 10:55:51,894 INFO oliviarocks 1 4 0 0 367 DOCUMENT_HOVER_IN 8157 367 262 -2 ad-side
2019-12-19 10:55:51,905 INFO oliviarocks 1 4 0 0 367 DOCUMENT_HOVER_OUT 8157 367 262 -2 ad-side
2019-12-19 10:55:52,313 INFO oliviarocks 1 4 0 0 367 DOCUMENT_HOVER_IN 8157 0 262 -2 ad-side
2019-12-19 10:55:52,719 INFO oliviarocks 1 4 0 0 367 DOCUMENT_HOVER_OUT 8157 0 262 -2 ad-side
2019-12-19 10:55:52,733 INFO oliviarocks 1 4 0 0 367 DOCUMENT_HOVER_IN 8157 367 262 -2 ad-side
2019-12-19 10:55:52,934 INFO oliviarocks 1 4 0 0 367 DOCUMENT_HOVER_OUT 8157 367 262 -2 ad-side
2019-12-19 10:56:01,230 INFO oliviarocks 1 4 0 0 367 DOCUMENT_HOVER_IN 8157 367 262 -2 ad-side
2019-12-19 10:56:01,319 INFO oliviarocks 1 4 0 0 367 DOCUMENT_HOVER_OUT 8157 367 262 -2 ad-side
2019-12-19 10:56:01,721 INFO oliviarocks 1 4 0 0 367 DOCUMENT_HOVER_IN 8157 367 262 -2 ad-top
2019-12-19 10:56:01,763 INFO oliviarocks 1 4 0 0 367 DOCUMENT_HOVER_OUT 8157 367 262 -2 ad-top
2019-12-19 10:56:02,445 INFO oliviarocks 1 4 0 0 367 QUERY_START 'pirates at sea'
2019-12-19 10:56:02,637 INFO oliviarocks 1 4 0 0 367 QUERY_END 'pirates at sea'
2019-12-19 10:56:02,640 INFO oliviarocks 1 4 0 0 367 QUERY_COMPLETE 'pirates at sea'
2019-12-19 10:56:02,643 INFO oliviarocks 1 4 0 0 367 SEARCH_RESULTS_PAGE_QUALITY 1  0 10 8
2019-12-19 10:56:02,647 INFO oliviarocks 1 4 0 0 367 QUERY_PERFORMANCE 'pirates at sea' 1.0 1.0 0.67 0.75 0.8 0.67 0.71 0.75 0.78 0.8
2019-12-19 10:56:02,661 INFO oliviarocks 1 4 0 0 367 VIEW_SEARCH_RESULTS_PAGE 1
2019-12-19 10:56:03,217 INFO oliviarocks 1 4 0 0 367 DOCUMENT_HOVER_IN 0 408 162 -2 ad-top
2019-12-19 10:56:03,997 INFO oliviarocks 1 4 0 0 367 DOCUMENT_HOVER_IN 30934 920908 129 -2 2
2019-12-19 10:56:04,009 INFO oliviarocks 1 4 0 0 367 DOCUMENT_HOVER_OUT 0 408 162 -2 ad-top
2019-12-19 10:56:05,234 INFO oliviarocks 1 4 0 0 367 DOCUMENT_HOVER_OUT 30934 920908 129 -2 2
2019-12-19 10:56:06,145 INFO oliviarocks 1 4 0 0 367 DOCUMENT_HOVER_IN 30251 901253 302 -2 3
2019-12-19 10:56:08,292 INFO oliviarocks 1 4 0 0 367 DOCUMENT_HOVER_OUT 30251 901253 302 -2 3
2019-12-19 10:56:08,364 INFO oliviarocks 1 4 0 0 367 DOCUMENT_HOVER_IN 41536 1229636 86 -2 4
2019-12-19 10:56:09,631 INFO oliviarocks 1 4 0 0 367 DOCUMENT_HOVER_OUT 41536 1229636 86 -2 4
2019-12-19 10:56:09,632 INFO oliviarocks 1 4 0 0 367 DOCUMENT_HOVER_IN 61620 1773531 816 -2 5
2019-12-19 10:56:11,025 INFO oliviarocks 1 4 0 0 367 DOCUMENT_HOVER_OUT 61620 1773531 816 -2 5
2019-12-19 10:56:12,259 INFO oliviarocks 1 4 0 0 367 DOCUMENT_HOVER_IN 51773 1512074 324 -2 7
2019-12-19 10:56:13,296 INFO oliviarocks 1 4 0 0 367 DOC_CLICKED 51773  0 -2 -2
2019-12-19 10:56:13,302 INFO oliviarocks 1 4 0 0 367 DOC_MARKED_VIEWED 51773 1512074 324 -2 7
2019-12-19 10:56:37,899 INFO oliviarocks 1 4 0 0 367 DOCUMENT_HOVER_IN 51773 367 324 -2 ad-top
2019-12-19 10:56:38,091 INFO oliviarocks 1 4 0 0 367 DOCUMENT_HOVER_OUT 51773 367 324 -2 ad-top
2019-12-19 10:56:38,530 INFO oliviarocks 1 4 0 0 367 DOC_MARKED_RELEVANT 51773 1512074 324 1 7
2019-12-19 10:56:47,924 INFO oliviarocks 1 4 0 0 367 QUERY_START 'pirates at sea'
2019-12-19 10:56:48,079 INFO oliviarocks 1 4 0 0 367 QUERY_END 'pirates at sea'
2019-12-19 10:56:48,081 INFO oliviarocks 1 4 0 0 367 QUERY_COMPLETE 'pirates at sea'
2019-12-19 10:56:48,084 INFO oliviarocks 1 4 0 0 367 SEARCH_RESULTS_PAGE_QUALITY 1  0 10 8
2019-12-19 10:56:48,087 INFO oliviarocks 1 4 0 0 367 QUERY_PERFORMANCE 'pirates at sea' 1.0 1.0 0.67 0.75 0.8 0.67 0.71 0.75 0.78 0.8
2019-12-19 10:56:48,100 INFO oliviarocks 1 4 0 0 367 VIEW_SEARCH_RESULTS_PAGE 1
2019-12-19 10:56:48,634 INFO oliviarocks 1 4 0 0 367 DOCUMENT_HOVER_IN 0 0 162 -2 ad-top
2019-12-19 10:56:49,561 INFO oliviarocks 1 4 0 0 367 DOCUMENT_HOVER_OUT 0 0 162 -2 ad-top
2019-12-19 10:56:49,571 INFO oliviarocks 1 4 0 0 367 DOCUMENT_HOVER_IN 30934 920908 129 -2 2
2019-12-19 10:56:50,475 INFO oliviarocks 1 4 0 0 367 DOCUMENT_HOVER_IN 41536 1229636 86 -2 4
2019-12-19 10:56:50,478 INFO oliviarocks 1 4 0 0 367 DOCUMENT_HOVER_OUT 30934 920908 129 -2 2
2019-12-19 10:56:50,985 INFO oliviarocks 1 4 0 0 367 DOCUMENT_HOVER_OUT 41536 1229636 86 -2 4
2019-12-19 10:56:51,449 INFO oliviarocks 1 4 0 0 367 DOCUMENT_HOVER_IN 51773 1512074 324 1 7
2019-12-19 10:56:52,204 INFO oliviarocks 1 4 0 0 367 DOCUMENT_HOVER_OUT 51773 1512074 324 1 7
2019-12-19 10:56:52,212 INFO oliviarocks 1 4 0 0 367 DOCUMENT_HOVER_IN 41288 1223777 5517 -2 8
2019-12-19 10:56:52,710 INFO oliviarocks 1 4 0 0 367 DOCUMENT_HOVER_OUT 41288 1223777 5517 -2 8
2019-12-19 10:56:52,869 INFO oliviarocks 1 4 0 0 367 DOCUMENT_HOVER_IN 31032 924343 933 -2 9
2019-12-19 10:56:57,488 INFO oliviarocks 1 4 0 0 367 DOC_CLICKED 31032  0 -2 -2
2019-12-19 10:56:57,495 INFO oliviarocks 1 4 0 0 367 DOC_MARKED_VIEWED 31032 924343 933 -2 9
2019-12-19 10:57:17,308 INFO oliviarocks 1 4 0 0 367 DOCUMENT_HOVER_IN 31032 0 933 -2 ad-top
2019-12-19 10:57:17,501 INFO oliviarocks 1 4 0 0 367 DOCUMENT_HOVER_OUT 31032 0 933 -2 ad-top
2019-12-19 10:57:17,933 INFO oliviarocks 1 4 0 0 367 DOC_MARKED_RELEVANT 31032 924343 933 1 9
2019-12-19 10:57:19,690 INFO oliviarocks 1 4 0 0 367 QUERY_START 'pirates at sea'
2019-12-19 10:57:19,883 INFO oliviarocks 1 4 0 0 367 QUERY_END 'pirates at sea'
2019-12-19 10:57:19,886 INFO oliviarocks 1 4 0 0 367 QUERY_COMPLETE 'pirates at sea'
2019-12-19 10:57:19,889 INFO oliviarocks 1 4 0 0 367 SEARCH_RESULTS_PAGE_QUALITY 1  0 10 8
2019-12-19 10:57:19,893 INFO oliviarocks 1 4 0 0 367 QUERY_PERFORMANCE 'pirates at sea' 1.0 1.0 0.67 0.75 0.8 0.67 0.71 0.75 0.78 0.8
2019-12-19 10:57:19,909 INFO oliviarocks 1 4 0 0 367 VIEW_SEARCH_RESULTS_PAGE 1
2019-12-19 10:57:21,627 INFO oliviarocks 1 4 0 0 367 QUERY_FOCUS
2019-12-19 10:57:29,471 INFO oliviarocks 1 4 0 0 367 QUERY_ISSUED 'piracy somalia'
2019-12-19 10:57:29,474 INFO oliviarocks 1 4 0 0 367 QUERY_START 'piracy somalia'
2019-12-19 10:57:29,549 INFO oliviarocks 1 4 0 0 367 QUERY_END 'piracy somalia'
2019-12-19 10:57:29,552 INFO oliviarocks 1 4 0 0 367 QUERY_COMPLETE 'piracy somalia'
2019-12-19 10:57:29,555 INFO oliviarocks 1 4 0 0 367 SEARCH_RESULTS_PAGE_QUALITY 1  0 10 6
2019-12-19 10:57:29,557 INFO oliviarocks 1 4 0 0 367 QUERY_PERFORMANCE 'piracy somalia' 1.0 1.0 1.0 1.0 0.8 0.67 0.71 0.75 0.67 0.6
2019-12-19 10:57:29,571 INFO oliviarocks 1 4 0 0 367 VIEW_SEARCH_RESULTS_PAGE 1
2019-12-19 10:57:31,194 INFO oliviarocks 1 4 0 0 367 DOCUMENT_HOVER_IN 0 367 162 -2 ad-top
2019-12-19 10:57:31,467 INFO oliviarocks 1 4 0 0 367 DOCUMENT_HOVER_OUT 0 367 162 -2 ad-top
2019-12-19 10:57:32,160 INFO oliviarocks 1 4 0 0 367 DOCUMENT_HOVER_IN 59589 1722166 714 -2 1
2019-12-19 10:57:32,282 INFO oliviarocks 1 4 0 0 367 DOCUMENT_HOVER_OUT 59589 1722166 714 -2 1
2019-12-19 10:57:32,305 INFO oliviarocks 1 4 0 0 367 DOCUMENT_HOVER_IN 61620 1773531 816 -2 2
2019-12-19 10:57:32,864 INFO oliviarocks 1 4 0 0 367 DOCUMENT_HOVER_OUT 61620 1773531 816 -2 2
2019-12-19 10:57:32,869 INFO oliviarocks 1 4 0 0 367 DOCUMENT_HOVER_IN 63889 1838909 414 -2 4
2019-12-19 10:57:34,522 INFO oliviarocks 1 4 0 0 367 DOCUMENT_HOVER_IN 24160 735994 428 -2 5
2019-12-19 10:57:34,533 INFO oliviarocks 1 4 0 0 367 DOCUMENT_HOVER_OUT 63889 1838909 414 -2 4
2019-12-19 10:57:35,182 INFO oliviarocks 1 4 0 0 367 DOCUMENT_HOVER_OUT 24160 735994 428 -2 5
2019-12-19 10:57:35,430 INFO oliviarocks 1 4 0 0 367 DOCUMENT_HOVER_IN 20665 627890 526 -2 6
2019-12-19 10:57:36,110 INFO oliviarocks 1 4 0 0 367 DOCUMENT_HOVER_IN 45012 1324421 583 -2 8
2019-12-19 10:57:36,117 INFO oliviarocks 1 4 0 0 367 DOCUMENT_HOVER_OUT 20665 627890 526 -2 6
2019-12-19 10:57:41,595 INFO oliviarocks 1 4 0 0 367 DOCUMENT_HOVER_IN 26591 799579 428 -2 9
2019-12-19 10:57:41,598 INFO oliviarocks 1 4 0 0 367 DOCUMENT_HOVER_OUT 45012 1324421 583 -2 8
2019-12-19 10:57:43,998 INFO oliviarocks 1 4 0 0 367 DOC_CLICKED 26591  0 -2 -2
2019-12-19 10:57:44,004 INFO oliviarocks 1 4 0 0 367 DOC_MARKED_VIEWED 26591 799579 428 -2 9
2019-12-19 10:57:50,943 INFO oliviarocks 1 4 0 0 367 DOCUMENT_HOVER_IN 26591 0 428 -2 ad-top
2019-12-19 10:57:51,258 INFO oliviarocks 1 4 0 0 367 DOCUMENT_HOVER_OUT 26591 0 428 -2 ad-top
2019-12-19 10:57:52,702 INFO oliviarocks 1 4 0 0 367 DOCUMENT_HOVER_IN 26591 0 428 -2 ad-side
2019-12-19 10:57:54,402 INFO oliviarocks 1 4 0 0 367 AD_CLICKED 145 side-lp 0 -2 -2
2019-12-19 10:57:54,662 INFO oliviarocks 1 4 0 0 367 DOCUMENT_HOVER_IN 26591 0 428 -2 ad-top
2019-12-19 10:57:54,677 INFO oliviarocks 1 4 0 0 367 DOCUMENT_HOVER_OUT 26591 0 428 -2 ad-side
2019-12-19 10:57:56,182 INFO oliviarocks 1 4 0 0 367 DOCUMENT_HOVER_OUT 26591 0 428 -2 ad-top
2019-12-19 10:57:56,187 INFO oliviarocks 1 4 0 0 367 DOCUMENT_HOVER_IN 26591 0 428 -2 ad-side
2019-12-19 10:57:56,260 INFO oliviarocks 1 4 0 0 367 DOCUMENT_HOVER_OUT 26591 0 428 -2 ad-side
2019-12-19 10:58:01,519 INFO oliviarocks 1 4 0 0 367 DOCUMENT_HOVER_IN 26591 0 428 -2 ad-side
2019-12-19 10:58:01,971 INFO oliviarocks 1 4 0 0 367 DOCUMENT_HOVER_OUT 26591 0 428 -2 ad-side
2019-12-19 10:58:02,179 INFO oliviarocks 1 4 0 0 367 DOCUMENT_HOVER_IN 26591 0 428 -2 ad-side
2019-12-19 10:58:02,475 INFO oliviarocks 1 4 0 0 367 DOCUMENT_HOVER_OUT 26591 0 428 -2 ad-side
2019-12-19 10:58:02,488 INFO oliviarocks 1 4 0 0 367 DOCUMENT_HOVER_IN 26591 367 428 -2 ad-side
2019-12-19 10:58:02,832 INFO oliviarocks 1 4 0 0 367 DOCUMENT_HOVER_OUT 26591 367 428 -2 ad-side
2019-12-19 10:58:03,665 INFO oliviarocks 1 4 0 0 367 DOCUMENT_HOVER_IN 26591 0 428 -2 ad-top
2019-12-19 10:58:03,716 INFO oliviarocks 1 4 0 0 367 DOCUMENT_HOVER_OUT 26591 0 428 -2 ad-top
2019-12-19 10:58:05,867 INFO oliviarocks 1 4 0 0 367 VIEW_SAVED_DOCS
2019-12-19 10:58:09,879 INFO oliviarocks 1 4 0 0 367 QUERY_START 'piracy somalia'
2019-12-19 10:58:09,937 INFO oliviarocks 1 4 0 0 367 QUERY_END 'piracy somalia'
2019-12-19 10:58:09,941 INFO oliviarocks 1 4 0 0 367 QUERY_COMPLETE 'piracy somalia'
2019-12-19 10:58:09,944 INFO oliviarocks 1 4 0 0 367 SEARCH_RESULTS_PAGE_QUALITY 1  0 10 6
2019-12-19 10:58:09,947 INFO oliviarocks 1 4 0 0 367 QUERY_PERFORMANCE 'piracy somalia' 1.0 1.0 1.0 1.0 0.8 0.67 0.71 0.75 0.67 0.6
2019-12-19 10:58:09,960 INFO oliviarocks 1 4 0 0 367 VIEW_SEARCH_RESULTS_PAGE 1
2019-12-19 10:58:11,620 INFO oliviarocks 1 4 0 0 367 QUERY_FOCUS
2019-12-19 10:58:15,859 INFO oliviarocks 1 4 0 0 367 QUERY_ISSUED 'piracy ship'
2019-12-19 10:58:15,862 INFO oliviarocks 1 4 0 0 367 QUERY_START 'piracy ship'
2019-12-19 10:58:16,030 INFO oliviarocks 1 4 0 0 367 QUERY_END 'piracy ship'
2019-12-19 10:58:16,033 INFO oliviarocks 1 4 0 0 367 QUERY_COMPLETE 'piracy ship'
2019-12-19 10:58:16,036 INFO oliviarocks 1 4 0 0 367 SEARCH_RESULTS_PAGE_QUALITY 1  0 10 7
2019-12-19 10:58:16,039 INFO oliviarocks 1 4 0 0 367 QUERY_PERFORMANCE 'piracy ship' 1.0 1.0 1.0 0.75 0.6 0.67 0.57 0.62 0.67 0.7
2019-12-19 10:58:16,054 INFO oliviarocks 1 4 0 0 367 VIEW_SEARCH_RESULTS_PAGE 1
2019-12-19 10:58:18,485 INFO oliviarocks 1 4 0 0 367 DOCUMENT_HOVER_IN 0 367 162 -2 ad-top
2019-12-19 10:58:20,103 INFO oliviarocks 1 4 0 0 367 DOCUMENT_HOVER_IN 58684 1702546 42 -2 2
2019-12-19 10:58:20,109 INFO oliviarocks 1 4 0 0 367 DOCUMENT_HOVER_OUT 0 367 162 -2 ad-top
2019-12-19 10:58:21,100 INFO oliviarocks 1 4 0 0 367 DOCUMENT_HOVER_OUT 58684 1702546 42 -2 2
2019-12-19 10:58:21,103 INFO oliviarocks 1 4 0 0 367 DOCUMENT_HOVER_IN 41288 1223777 5517 -2 3
2019-12-19 10:58:21,641 INFO oliviarocks 1 4 0 0 367 DOCUMENT_HOVER_OUT 41288 1223777 5517 -2 3
2019-12-19 10:58:21,806 INFO oliviarocks 1 4 0 0 367 DOCUMENT_HOVER_IN 46236 1354591 399 -2 4
2019-12-19 10:58:26,685 INFO oliviarocks 1 4 0 0 367 DOC_CLICKED 46236  0 -2 -2
2019-12-19 10:58:26,695 INFO oliviarocks 1 4 0 0 367 DOC_MARKED_VIEWED 46236 1354591 399 -2 4
2019-12-19 10:58:46,413 INFO oliviarocks 1 4 0 0 367 DOCUMENT_HOVER_IN 46236 367 399 -2 ad-top
2019-12-19 10:58:46,509 INFO oliviarocks 1 4 0 0 367 DOCUMENT_HOVER_OUT 46236 367 399 -2 ad-top
2019-12-19 10:58:47,150 INFO oliviarocks 1 4 0 0 367 DOC_MARKED_RELEVANT 46236 1354591 399 1 4
2019-12-19 10:59:11,018 INFO oliviarocks 1 1 0 1 347 PRE_TASK_SURVEY_STARTED
2019-12-19 10:59:37,757 INFO oliviarocks 1 1 0 1 347 PRE_TASK_SURVEY_COMPLETED
2019-12-19 10:59:38,017 INFO oliviarocks 1 1 0 1 347 VIEW_TASK_SPACER_DETAILS
2019-12-19 10:59:50,496 INFO oliviarocks 1 1 0 1 347 SEARCH_TASK_COMMENCED
2019-12-19 10:59:50,504 INFO oliviarocks 1 1 0 1 347 VIEW_SEARCH_BOX 1
2019-12-19 10:59:50,678 INFO oliviarocks 1 1 0 1 347 QUERY_FOCUS
2019-12-19 10:59:57,682 INFO oliviarocks 1 1 0 1 347 QUERY_ISSUED 'wildlife extinction prevention'
2019-12-19 10:59:57,686 INFO oliviarocks 1 1 0 1 347 QUERY_START 'wildlife extinction prevention'
2019-12-19 10:59:57,945 INFO oliviarocks 1 1 0 1 347 QUERY_END 'wildlife extinction prevention'
2019-12-19 10:59:57,948 INFO oliviarocks 1 1 0 1 347 QUERY_COMPLETE 'wildlife extinction prevention'
2019-12-19 10:59:57,951 INFO oliviarocks 1 1 0 1 347 SEARCH_RESULTS_PAGE_QUALITY 1  0 10 4
2019-12-19 10:59:57,955 INFO oliviarocks 1 1 0 1 347 QUERY_PERFORMANCE 'wildlife extinction prevention' 0.0 0.0 0.0 0.0 0.0 0.17 0.29 0.38 0.33 0.4
2019-12-19 10:59:57,958 INFO oliviarocks 1 1 0 1 347 VIEW_SEARCH_RESULTS_PAGE 1
2019-12-19 11:00:00,454 INFO oliviarocks 1 1 0 1 347 DOCUMENT_HOVER_IN 14985 456080 203 -2 1
2019-12-19 11:00:02,996 INFO oliviarocks 1 1 0 1 347 DOCUMENT_HOVER_OUT 14985 456080 203 -2 1
2019-12-19 11:00:03,250 INFO oliviarocks 1 1 0 1 347 DOCUMENT_HOVER_IN 22661 693135 526 -2 2
2019-12-19 11:00:07,974 INFO oliviarocks 1 1 0 1 347 DOCUMENT_HOVER_OUT 22661 693135 526 -2 2
2019-12-19 11:00:07,999 INFO oliviarocks 1 1 0 1 347 DOCUMENT_HOVER_IN 14985 456080 203 -2 1
2019-12-19 11:00:09,113 INFO oliviarocks 1 1 0 1 347 DOCUMENT_HOVER_OUT 14985 456080 203 -2 1
2019-12-19 11:00:09,214 INFO oliviarocks 1 1 0 1 347 DOCUMENT_HOVER_IN 22661 693135 526 -2 2
2019-12-19 11:00:10,102 INFO oliviarocks 1 1 0 1 347 DOC_CLICKED 22661  0 -2 -2
2019-12-19 11:00:10,108 INFO oliviarocks 1 1 0 1 347 DOC_MARKED_VIEWED 22661 693135 526 -2 2
2019-12-19 11:00:13,757 INFO oliviarocks 1 1 0 1 347 QUERY_START 'wildlife extinction prevention'
2019-12-19 11:00:13,968 INFO oliviarocks 1 1 0 1 347 QUERY_END 'wildlife extinction prevention'
2019-12-19 11:00:13,971 INFO oliviarocks 1 1 0 1 347 QUERY_COMPLETE 'wildlife extinction prevention'
2019-12-19 11:00:13,973 INFO oliviarocks 1 1 0 1 347 SEARCH_RESULTS_PAGE_QUALITY 1  0 10 4
2019-12-19 11:00:13,976 INFO oliviarocks 1 1 0 1 347 QUERY_PERFORMANCE 'wildlife extinction prevention' 0.0 0.0 0.0 0.0 0.0 0.17 0.29 0.38 0.33 0.4
2019-12-19 11:00:13,979 INFO oliviarocks 1 1 0 1 347 VIEW_SEARCH_RESULTS_PAGE 1
2019-12-19 11:00:14,441 INFO oliviarocks 1 1 0 1 347 DOCUMENT_HOVER_IN 22661 693135 526 -2 2
2019-12-19 11:00:16,367 INFO oliviarocks 1 1 0 1 347 DOCUMENT_HOVER_OUT 22661 693135 526 -2 2
2019-12-19 11:00:16,570 INFO oliviarocks 1 1 0 1 347 DOCUMENT_HOVER_IN 22662 693134 526 -2 3
2019-12-19 11:00:18,969 INFO oliviarocks 1 1 0 1 347 DOCUMENT_HOVER_OUT 22662 693134 526 -2 3
2019-12-19 11:00:18,973 INFO oliviarocks 1 1 0 1 347 DOCUMENT_HOVER_IN 22663 693136 526 -2 4
2019-12-19 11:00:27,988 INFO oliviarocks 1 1 0 1 347 DOCUMENT_HOVER_OUT 22663 693136 526 -2 4
2019-12-19 11:00:28,621 INFO oliviarocks 1 1 0 1 347 DOCUMENT_HOVER_IN 14985 456080 203 -2 1
2019-12-19 11:00:28,740 INFO oliviarocks 1 1 0 1 347 DOCUMENT_HOVER_IN 22663 693136 526 -2 4
2019-12-19 11:00:28,858 INFO oliviarocks 1 1 0 1 347 DOCUMENT_HOVER_IN 22661 693135 526 -2 2
2019-12-19 11:00:28,888 INFO oliviarocks 1 1 0 1 347 DOCUMENT_HOVER_OUT 22663 693136 526 -2 4
2019-12-19 11:00:28,911 INFO oliviarocks 1 1 0 1 347 DOCUMENT_HOVER_OUT 14985 456080 203 -2 1
2019-12-19 11:00:28,942 INFO oliviarocks 1 1 0 1 347 DOCUMENT_HOVER_IN 22662 693134 526 -2 3
2019-12-19 11:00:28,951 INFO oliviarocks 1 1 0 1 347 DOCUMENT_HOVER_OUT 22661 693135 526 -2 2
2019-12-19 11:00:28,952 INFO oliviarocks 1 1 0 1 347 DOCUMENT_HOVER_OUT 22662 693134 526 -2 3
2019-12-19 11:00:28,969 INFO oliviarocks 1 1 0 1 347 DOCUMENT_HOVER_IN 22665 693133 526 -2 5
2019-12-19 11:00:30,283 INFO oliviarocks 1 1 0 1 347 DOCUMENT_HOVER_OUT 22665 693133 526 -2 5
2019-12-19 11:00:30,287 INFO oliviarocks 1 1 0 1 347 DOCUMENT_HOVER_IN 22662 693134 526 -2 3
2019-12-19 11:00:40,771 INFO oliviarocks 1 1 0 1 347 DOCUMENT_HOVER_OUT 22662 693134 526 -2 3
2019-12-19 11:00:41,441 INFO oliviarocks 1 1 0 1 347 DOCUMENT_HOVER_IN 22661 693135 526 -2 2
2019-12-19 11:00:43,909 INFO oliviarocks 1 1 0 1 347 DOCUMENT_HOVER_OUT 22661 693135 526 -2 2
2019-12-19 11:00:44,118 INFO oliviarocks 1 1 0 1 347 DOCUMENT_HOVER_IN 14985 456080 203 -2 1
2019-12-19 11:00:44,150 INFO oliviarocks 1 1 0 1 347 DOCUMENT_HOVER_OUT 14985 456080 203 -2 1
2019-12-19 11:00:45,149 INFO oliviarocks 1 1 0 1 347 DOCUMENT_HOVER_IN 14985 456080 203 -2 1
2019-12-19 11:00:45,806 INFO oliviarocks 1 1 0 1 347 DOCUMENT_HOVER_OUT 14985 456080 203 -2 1
2019-12-19 11:00:46,959 INFO oliviarocks 1 1 0 1 347 QUERY_FOCUS
2019-12-19 11:00:50,935 INFO oliviarocks 1 1 0 1 347 QUERY_ISSUED 'wildlife species extinction prevention'
2019-12-19 11:00:50,940 INFO oliviarocks 1 1 0 1 347 QUERY_START 'wildlife species extinction prevention'
2019-12-19 11:00:51,405 INFO oliviarocks 1 1 0 1 347 QUERY_END 'wildlife species extinction prevention'
2019-12-19 11:00:51,408 INFO oliviarocks 1 1 0 1 347 QUERY_COMPLETE 'wildlife species extinction prevention'
2019-12-19 11:00:51,411 INFO oliviarocks 1 1 0 1 347 SEARCH_RESULTS_PAGE_QUALITY 1  0 10 5
2019-12-19 11:00:51,413 INFO oliviarocks 1 1 0 1 347 QUERY_PERFORMANCE 'wildlife species extinction prevention' 0.0 0.0 0.0 0.0 0.2 0.33 0.43 0.38 0.44 0.5
2019-12-19 11:00:51,416 INFO oliviarocks 1 1 0 1 347 VIEW_SEARCH_RESULTS_PAGE 1
2019-12-19 11:00:54,598 INFO oliviarocks 1 1 0 1 347 DOCUMENT_HOVER_IN 22661 693135 526 -2 1
2019-12-19 11:00:56,156 INFO oliviarocks 1 1 0 1 347 DOCUMENT_HOVER_OUT 22661 693135 526 -2 1
2019-12-19 11:00:56,328 INFO oliviarocks 1 1 0 1 347 DOCUMENT_HOVER_IN 22662 693134 526 -2 2
2019-12-19 11:00:57,783 INFO oliviarocks 1 1 0 1 347 DOCUMENT_HOVER_IN 22661 693135 526 -2 1
2019-12-19 11:00:57,787 INFO oliviarocks 1 1 0 1 347 DOCUMENT_HOVER_OUT 22662 693134 526 -2 2
2019-12-19 11:01:05,615 INFO oliviarocks 1 1 0 1 347 DOCUMENT_HOVER_OUT 22661 693135 526 -2 1
2019-12-19 11:01:06,120 INFO oliviarocks 1 1 0 1 347 DOCUMENT_HOVER_IN 22661 693135 526 -2 1
2019-12-19 11:01:06,249 INFO oliviarocks 1 1 0 1 347 DOCUMENT_HOVER_IN 22662 693134 526 -2 2
2019-12-19 11:01:06,420 INFO oliviarocks 1 1 0 1 347 DOCUMENT_HOVER_OUT 22661 693135 526 -2 1
2019-12-19 11:01:07,647 INFO oliviarocks 1 1 0 1 347 DOCUMENT_HOVER_OUT 22662 693134 526 -2 2
2019-12-19 11:01:07,663 INFO oliviarocks 1 1 0 1 347 DOCUMENT_HOVER_IN 22665 693133 526 -2 4
2019-12-19 11:01:08,451 INFO oliviarocks 1 1 0 1 347 DOCUMENT_HOVER_OUT 22665 693133 526 -2 4
2019-12-19 11:01:08,468 INFO oliviarocks 1 1 0 1 347 DOCUMENT_HOVER_IN 29546 881973 459 -2 5
2019-12-19 11:01:11,101 INFO oliviarocks 1 1 0 1 347 DOCUMENT_HOVER_OUT 29546 881973 459 -2 5
2019-12-19 11:01:11,114 INFO oliviarocks 1 1 0 1 347 DOCUMENT_HOVER_IN 30381 904995 603 -2 6
2019-12-19 11:01:12,229 INFO oliviarocks 1 1 0 1 347 DOCUMENT_HOVER_OUT 30381 904995 603 -2 6
2019-12-19 11:01:12,351 INFO oliviarocks 1 1 0 1 347 DOCUMENT_HOVER_IN 55589 1618927 63 -2 7
2019-12-19 11:01:12,916 INFO oliviarocks 1 1 0 1 347 DOC_CLICKED 55589  0 -2 -2
2019-12-19 11:01:12,921 INFO oliviarocks 1 1 0 1 347 DOC_MARKED_VIEWED 55589 1618927 63 -2 7
2019-12-19 11:01:27,835 INFO oliviarocks 1 1 0 1 347 DOC_MARKED_RELEVANT 55589 1618927 63 1 7
2019-12-19 11:01:28,783 INFO oliviarocks 1 1 0 1 347 QUERY_START 'wildlife species extinction prevention'
2019-12-19 11:01:29,084 INFO oliviarocks 1 1 0 1 347 QUERY_END 'wildlife species extinction prevention'
2019-12-19 11:01:29,087 INFO oliviarocks 1 1 0 1 347 QUERY_COMPLETE 'wildlife species extinction prevention'
2019-12-19 11:01:29,090 INFO oliviarocks 1 1 0 1 347 SEARCH_RESULTS_PAGE_QUALITY 1  0 10 5
2019-12-19 11:01:29,092 INFO oliviarocks 1 1 0 1 347 QUERY_PERFORMANCE 'wildlife species extinction prevention' 0.0 0.0 0.0 0.0 0.2 0.33 0.43 0.38 0.44 0.5
2019-12-19 11:01:29,095 INFO oliviarocks 1 1 0 1 347 VIEW_SEARCH_RESULTS_PAGE 1
2019-12-19 11:01:31,697 INFO oliviarocks 1 1 0 1 347 QUERY_FOCUS
2019-12-19 11:01:34,513 INFO oliviarocks 1 1 0 1 347 QUERY_ISSUED 'tiger extinction prevention'
2019-12-19 11:01:34,517 INFO oliviarocks 1 1 0 1 347 QUERY_START 'tiger extinction prevention'
2019-12-19 11:01:34,688 INFO oliviarocks 1 1 0 1 347 QUERY_END 'tiger extinction prevention'
2019-12-19 11:01:34,695 INFO oliviarocks 1 1 0 1 347 QUERY_COMPLETE 'tiger extinction prevention'
2019-12-19 11:01:34,700 INFO oliviarocks 1 1 0 1 347 SEARCH_RESULTS_PAGE_QUALITY 1  0 10 5
2019-12-19 11:01:34,705 INFO oliviarocks 1 1 0 1 347 QUERY_PERFORMANCE 'tiger extinction prevention' 1.0 0.5 0.67 0.5 0.6 0.5 0.57 0.5 0.44 0.5
2019-12-19 11:01:34,710 INFO oliviarocks 1 1 0 1 347 VIEW_SEARCH_RESULTS_PAGE 1
2019-12-19 11:01:35,588 INFO oliviarocks 1 1 0 1 347 DOCUMENT_HOVER_IN 62000 1783097 526 -2 1
2019-12-19 11:01:42,424 INFO oliviarocks 1 1 0 1 347 DOC_CLICKED 62000  0 -2 -2
2019-12-19 11:01:42,434 INFO oliviarocks 1 1 0 1 347 DOC_MARKED_VIEWED 62000 1783097 526 -2 1
2019-12-19 11:01:56,165 INFO oliviarocks 1 1 0 1 347 DOC_MARKED_RELEVANT 62000 1783097 526 1 1
2019-12-19 11:01:58,334 INFO oliviarocks 1 1 0 1 347 QUERY_START 'tiger extinction prevention'
2019-12-19 11:01:58,511 INFO oliviarocks 1 1 0 1 347 QUERY_END 'tiger extinction prevention'
2019-12-19 11:01:58,514 INFO oliviarocks 1 1 0 1 347 QUERY_COMPLETE 'tiger extinction prevention'
2019-12-19 11:01:58,517 INFO oliviarocks 1 1 0 1 347 SEARCH_RESULTS_PAGE_QUALITY 1  0 10 5
2019-12-19 11:01:58,520 INFO oliviarocks 1 1 0 1 347 QUERY_PERFORMANCE 'tiger extinction prevention' 1.0 0.5 0.67 0.5 0.6 0.5 0.57 0.5 0.44 0.5
2019-12-19 11:01:58,523 INFO oliviarocks 1 1 0 1 347 VIEW_SEARCH_RESULTS_PAGE 1
2019-12-19 11:01:59,583 INFO oliviarocks 1 1 0 1 347 QUERY_FOCUS
2019-12-19 11:02:05,973 INFO oliviarocks 1 1 0 1 347 QUERY_ISSUED 'panda extinction prevention'
2019-12-19 11:02:05,976 INFO oliviarocks 1 1 0 1 347 QUERY_START 'panda extinction prevention'
2019-12-19 11:02:06,110 INFO oliviarocks 1 1 0 1 347 QUERY_END 'panda extinction prevention'
2019-12-19 11:02:06,114 INFO oliviarocks 1 1 0 1 347 QUERY_COMPLETE 'panda extinction prevention'
2019-12-19 11:02:06,117 INFO oliviarocks 1 1 0 1 347 SEARCH_RESULTS_PAGE_QUALITY 1  0 10 5
2019-12-19 11:02:06,120 INFO oliviarocks 1 1 0 1 347 QUERY_PERFORMANCE 'panda extinction prevention' 0.0 0.5 0.67 0.75 0.8 0.67 0.71 0.62 0.56 0.5
2019-12-19 11:02:06,123 INFO oliviarocks 1 1 0 1 347 VIEW_SEARCH_RESULTS_PAGE 1
2019-12-19 11:02:07,067 INFO oliviarocks 1 1 0 1 347 DOCUMENT_HOVER_IN 37575 1119555 45 -2 1
2019-12-19 11:02:08,154 INFO oliviarocks 1 1 0 1 347 DOCUMENT_HOVER_OUT 37575 1119555 45 -2 1
2019-12-19 11:02:08,327 INFO oliviarocks 1 1 0 1 347 DOCUMENT_HOVER_IN 41809 1235795 97 -2 2
2019-12-19 11:02:14,001 INFO oliviarocks 1 1 0 1 347 DOC_CLICKED 41809  0 -2 -2
2019-12-19 11:02:14,013 INFO oliviarocks 1 1 0 1 347 DOC_MARKED_VIEWED 41809 1235795 97 -2 2
2019-12-19 11:02:17,274 INFO oliviarocks 1 1 0 1 347 DOC_MARKED_RELEVANT 41809 1235795 97 1 2
2019-12-19 11:02:18,293 INFO oliviarocks 1 1 0 1 347 QUERY_START 'panda extinction prevention'
2019-12-19 11:02:18,445 INFO oliviarocks 1 1 0 1 347 QUERY_END 'panda extinction prevention'
2019-12-19 11:02:18,450 INFO oliviarocks 1 1 0 1 347 QUERY_COMPLETE 'panda extinction prevention'
2019-12-19 11:02:18,455 INFO oliviarocks 1 1 0 1 347 SEARCH_RESULTS_PAGE_QUALITY 1  0 10 5
2019-12-19 11:02:18,459 INFO oliviarocks 1 1 0 1 347 QUERY_PERFORMANCE 'panda extinction prevention' 0.0 0.5 0.67 0.75 0.8 0.67 0.71 0.62 0.56 0.5
2019-12-19 11:02:18,464 INFO oliviarocks 1 1 0 1 347 VIEW_SEARCH_RESULTS_PAGE 1
2019-12-19 11:02:18,935 INFO oliviarocks 1 1 0 1 347 DOCUMENT_HOVER_IN 37575 1119555 45 -2 1
2019-12-19 11:02:19,804 INFO oliviarocks 1 1 0 1 347 DOCUMENT_HOVER_OUT 37575 1119555 45 -2 1
2019-12-19 11:02:19,984 INFO oliviarocks 1 1 0 1 347 DOCUMENT_HOVER_IN 1089 22180 903 -2 3
2019-12-19 11:02:21,649 INFO oliviarocks 1 1 0 1 347 DOCUMENT_HOVER_OUT 1089 22180 903 -2 3
2019-12-19 11:02:21,791 INFO oliviarocks 1 1 0 1 347 DOCUMENT_HOVER_IN 4602 134001 281 -2 4
2019-12-19 11:02:22,388 INFO oliviarocks 1 1 0 1 347 DOC_CLICKED 4602  0 -2 -2
2019-12-19 11:02:22,397 INFO oliviarocks 1 1 0 1 347 DOC_MARKED_VIEWED 4602 134001 281 -2 4
2019-12-19 11:02:26,494 INFO oliviarocks 1 1 0 1 347 DOC_MARKED_RELEVANT 4602 134001 281 1 4
2019-12-19 11:02:27,287 INFO oliviarocks 1 1 0 1 347 QUERY_START 'panda extinction prevention'
2019-12-19 11:02:27,448 INFO oliviarocks 1 1 0 1 347 QUERY_END 'panda extinction prevention'
2019-12-19 11:02:27,451 INFO oliviarocks 1 1 0 1 347 QUERY_COMPLETE 'panda extinction prevention'
2019-12-19 11:02:27,455 INFO oliviarocks 1 1 0 1 347 SEARCH_RESULTS_PAGE_QUALITY 1  0 10 5
2019-12-19 11:02:27,458 INFO oliviarocks 1 1 0 1 347 QUERY_PERFORMANCE 'panda extinction prevention' 0.0 0.5 0.67 0.75 0.8 0.67 0.71 0.62 0.56 0.5
2019-12-19 11:02:27,461 INFO oliviarocks 1 1 0 1 347 VIEW_SEARCH_RESULTS_PAGE 1
2019-12-19 11:02:29,415 INFO oliviarocks 1 1 0 1 347 QUERY_FOCUS
2019-12-19 11:02:34,287 INFO oliviarocks 1 1 0 1 347 QUERY_ISSUED 'animal extinction prevention'
2019-12-19 11:02:34,290 INFO oliviarocks 1 1 0 1 347 QUERY_START 'animal extinction prevention'
2019-12-19 11:02:34,558 INFO oliviarocks 1 1 0 1 347 QUERY_END 'animal extinction prevention'
2019-12-19 11:02:34,562 INFO oliviarocks 1 1 0 1 347 QUERY_COMPLETE 'animal extinction prevention'
2019-12-19 11:02:34,565 INFO oliviarocks 1 1 0 1 347 SEARCH_RESULTS_PAGE_QUALITY 1  0 10 0
2019-12-19 11:02:34,569 INFO oliviarocks 1 1 0 1 347 QUERY_PERFORMANCE 'animal extinction prevention' 0.0 0.0 0.0 0.0 0.0 0.0 0.0 0.0 0.0 0.0
2019-12-19 11:02:34,572 INFO oliviarocks 1 1 0 1 347 VIEW_SEARCH_RESULTS_PAGE 1
2019-12-19 11:02:35,377 INFO oliviarocks 1 1 0 1 347 DOCUMENT_HOVER_IN 34445 1021493 196 -2 1
2019-12-19 11:02:36,242 INFO oliviarocks 1 1 0 1 347 DOCUMENT_HOVER_OUT 34445 1021493 196 -2 1
2019-12-19 11:02:36,429 INFO oliviarocks 1 1 0 1 347 DOCUMENT_HOVER_IN 16474 505245 63 -2 2
2019-12-19 11:02:37,988 INFO oliviarocks 1 1 0 1 347 DOCUMENT_HOVER_OUT 16474 505245 63 -2 2
2019-12-19 11:02:38,015 INFO oliviarocks 1 1 0 1 347 DOCUMENT_HOVER_IN 34455 1021511 291 -2 3
2019-12-19 11:02:38,750 INFO oliviarocks 1 1 0 1 347 DOCUMENT_HOVER_OUT 34455 1021511 291 -2 3
2019-12-19 11:02:38,798 INFO oliviarocks 1 1 0 1 347 DOCUMENT_HOVER_IN 12087 370260 129 -2 4
2019-12-19 11:02:39,257 INFO oliviarocks 1 1 0 1 347 DOCUMENT_HOVER_OUT 12087 370260 129 -2 4
2019-12-19 11:02:39,420 INFO oliviarocks 1 1 0 1 347 DOCUMENT_HOVER_IN 32803 975311 196 -2 5
2019-12-19 11:02:40,636 INFO oliviarocks 1 1 0 1 347 DOCUMENT_HOVER_OUT 32803 975311 196 -2 5
2019-12-19 11:02:40,645 INFO oliviarocks 1 1 0 1 347 DOCUMENT_HOVER_IN 37555 1118926 169 -2 6
2019-12-19 11:02:41,562 INFO oliviarocks 1 1 0 1 347 DOCUMENT_HOVER_OUT 37555 1118926 169 -2 6
2019-12-19 11:02:41,576 INFO oliviarocks 1 1 0 1 347 DOCUMENT_HOVER_IN 13358 408539 253 -2 7
2019-12-19 11:02:43,961 INFO oliviarocks 1 1 0 1 347 DOCUMENT_HOVER_IN 16474 505245 63 -2 2
2019-12-19 11:02:43,964 INFO oliviarocks 1 1 0 1 347 DOCUMENT_HOVER_OUT 13358 408539 253 -2 7
2019-12-19 11:02:44,137 INFO oliviarocks 1 1 0 1 347 DOCUMENT_HOVER_IN 34445 1021493 196 -2 1
2019-12-19 11:02:44,161 INFO oliviarocks 1 1 0 1 347 DOCUMENT_HOVER_OUT 16474 505245 63 -2 2
2019-12-19 11:02:44,191 INFO oliviarocks 1 1 0 1 347 DOCUMENT_HOVER_OUT 34445 1021493 196 -2 1
2019-12-19 11:02:45,862 INFO oliviarocks 1 1 0 1 347 VIEW_TASK
2019-12-19 11:02:53,874 INFO oliviarocks 1 1 0 1 347 QUERY_FOCUS
2019-12-19 11:02:55,551 INFO oliviarocks 1 1 0 1 347 QUERY_ISSUED 'EXTINCTION PREVENTION MEASURES made by countries to protect DIFFERENT WILDLIFE SPECIES'
2019-12-19 11:02:55,554 INFO oliviarocks 1 1 0 1 347 QUERY_START 'EXTINCTION PREVENTION MEASURES made by countries to protect DIFFERENT WILDLIFE SPECIES'
2019-12-19 11:02:58,698 INFO oliviarocks 1 1 0 1 347 QUERY_END 'EXTINCTION PREVENTION MEASURES made by countries to protect DIFFERENT WILDLIFE SPECIES'
2019-12-19 11:02:58,701 INFO oliviarocks 1 1 0 1 347 QUERY_COMPLETE 'EXTINCTION PREVENTION MEASURES made by countries to protect DIFFERENT WILDLIFE SPECIES'
2019-12-19 11:02:58,704 INFO oliviarocks 1 1 0 1 347 SEARCH_RESULTS_PAGE_QUALITY 1  0 10 6
2019-12-19 11:02:58,707 INFO oliviarocks 1 1 0 1 347 QUERY_PERFORMANCE 'EXTINCTION PREVENTION MEASURES made by countries to protect DIFFERENT WILDLIFE SPECIES' 1.0 1.0 1.0 0.75 0.8 0.83 0.86 0.75 0.67 0.6
2019-12-19 11:02:58,710 INFO oliviarocks 1 1 0 1 347 VIEW_SEARCH_RESULTS_PAGE 1
2019-12-19 11:03:05,581 INFO oliviarocks 1 1 0 1 347 DOCUMENT_HOVER_IN 22244 679949 544 -2 1
2019-12-19 11:03:08,819 INFO oliviarocks 1 1 0 1 347 DOC_CLICKED 22244  0 -2 -2
2019-12-19 11:03:08,825 INFO oliviarocks 1 1 0 1 347 DOC_MARKED_VIEWED 22244 679949 544 -2 1
2019-12-19 11:03:12,662 INFO oliviarocks 1 1 0 1 347 DOC_MARKED_RELEVANT 22244 679949 544 1 1
2019-12-19 11:03:15,717 INFO oliviarocks 1 1 0 1 347 QUERY_START 'EXTINCTION PREVENTION MEASURES made by countries to protect DIFFERENT WILDLIFE SPECIES'
2019-12-19 11:03:18,937 INFO oliviarocks 1 1 0 1 347 QUERY_END 'EXTINCTION PREVENTION MEASURES made by countries to protect DIFFERENT WILDLIFE SPECIES'
2019-12-19 11:03:18,940 INFO oliviarocks 1 1 0 1 347 QUERY_COMPLETE 'EXTINCTION PREVENTION MEASURES made by countries to protect DIFFERENT WILDLIFE SPECIES'
2019-12-19 11:03:18,943 INFO oliviarocks 1 1 0 1 347 SEARCH_RESULTS_PAGE_QUALITY 1  0 10 6
2019-12-19 11:03:18,946 INFO oliviarocks 1 1 0 1 347 QUERY_PERFORMANCE 'EXTINCTION PREVENTION MEASURES made by countries to protect DIFFERENT WILDLIFE SPECIES' 1.0 1.0 1.0 0.75 0.8 0.83 0.86 0.75 0.67 0.6
2019-12-19 11:03:18,949 INFO oliviarocks 1 1 0 1 347 VIEW_SEARCH_RESULTS_PAGE 1
2019-12-19 11:03:19,041 INFO oliviarocks 1 1 0 1 347 QUERY_START 'EXTINCTION PREVENTION MEASURES made by countries to protect DIFFERENT WILDLIFE SPECIES'
2019-12-19 11:03:22,162 INFO oliviarocks 1 1 0 1 347 QUERY_END 'EXTINCTION PREVENTION MEASURES made by countries to protect DIFFERENT WILDLIFE SPECIES'
2019-12-19 11:03:22,165 INFO oliviarocks 1 1 0 1 347 QUERY_COMPLETE 'EXTINCTION PREVENTION MEASURES made by countries to protect DIFFERENT WILDLIFE SPECIES'
2019-12-19 11:03:22,168 INFO oliviarocks 1 1 0 1 347 SEARCH_RESULTS_PAGE_QUALITY 1  0 10 6
2019-12-19 11:03:22,171 INFO oliviarocks 1 1 0 1 347 QUERY_PERFORMANCE 'EXTINCTION PREVENTION MEASURES made by countries to protect DIFFERENT WILDLIFE SPECIES' 1.0 1.0 1.0 0.75 0.8 0.83 0.86 0.75 0.67 0.6
2019-12-19 11:03:22,174 INFO oliviarocks 1 1 0 1 347 VIEW_SEARCH_RESULTS_PAGE 1
2019-12-19 11:03:24,164 INFO oliviarocks 1 1 0 1 347 DOCUMENT_HOVER_IN 22205 678919 544 -2 2
2019-12-19 11:03:26,186 INFO oliviarocks 1 1 0 1 347 DOC_CLICKED 22205  0 -2 -2
2019-12-19 11:03:26,194 INFO oliviarocks 1 1 0 1 347 DOC_MARKED_VIEWED 22205 678919 544 -2 2
2019-12-19 11:03:31,201 INFO oliviarocks 1 1 0 1 347 DOC_MARKED_RELEVANT 22205 678919 544 1 2
2019-12-19 11:04:12,035 INFO oliviarocks 1 1 0 1 347 CONCEPT_LISTING_COMPLETED
2019-12-19 11:04:12,302 INFO oliviarocks 1 1 0 1 347 POST_TASK_SURVEY_STARTED
2019-12-19 11:04:33,728 INFO oliviarocks 1 1 0 1 347 POST_TASK_SURVEY_COMPLETED
2019-12-19 11:04:33,988 INFO oliviarocks 1 1 0 1 347 PERCEPTION_SURVEY_STARTED
2019-12-19 11:04:46,355 INFO oliviarocks 1 1 0 1 347 PERCEPTION_SURVEY_COMPLETED
2019-12-19 11:04:46,618 INFO oliviarocks 1 1 0 1 347 SYSTEM_SURVEY_STARTED
2019-12-19 11:04:56,383 INFO oliviarocks 1 1 0 1 347 SYSTEM_SURVEY_COMPLETED
2019-12-19 11:04:59,356 INFO oliviarocks 1 2 0 2 341 PRE_TASK_SURVEY_STARTED
2019-12-19 11:05:16,951 INFO oliviarocks 1 2 0 2 341 PRE_TASK_SURVEY_COMPLETED
2019-12-19 11:05:17,227 INFO oliviarocks 1 2 0 2 341 VIEW_TASK_SPACER_DETAILS
2019-12-19 11:05:26,730 INFO oliviarocks 1 2 0 2 341 SEARCH_TASK_COMMENCED
2019-12-19 11:05:26,743 INFO oliviarocks 1 2 0 2 341 VIEW_SEARCH_BOX 1
2019-12-19 11:05:26,939 INFO oliviarocks 1 2 0 2 341 QUERY_FOCUS
2019-12-19 11:05:29,333 INFO oliviarocks 1 2 0 2 341 QUERY_ISSUED 'DIFFERENT AIRPORTS use SECURITY MEASURES to better screen passengers and their carry-on luggage.'
2019-12-19 11:05:29,336 INFO oliviarocks 1 2 0 2 341 QUERY_START 'DIFFERENT AIRPORTS use SECURITY MEASURES to better screen passengers and their carry-on luggage.'
2019-12-19 11:05:34,352 INFO oliviarocks 1 2 0 2 341 QUERY_END 'DIFFERENT AIRPORTS use SECURITY MEASURES to better screen passengers and their carry-on luggage.'
2019-12-19 11:05:34,356 INFO oliviarocks 1 2 0 2 341 QUERY_COMPLETE 'DIFFERENT AIRPORTS use SECURITY MEASURES to better screen passengers and their carry-on luggage.'
2019-12-19 11:05:34,359 INFO oliviarocks 1 2 0 2 341 SEARCH_RESULTS_PAGE_QUALITY 1  0 10 8
2019-12-19 11:05:34,364 INFO oliviarocks 1 2 0 2 341 QUERY_PERFORMANCE 'DIFFERENT AIRPORTS use SECURITY MEASURES to better screen passengers and their carry-on luggage.' 1.0 0.5 0.67 0.75 0.8 0.83 0.86 0.88 0.78 0.8
2019-12-19 11:05:34,374 INFO oliviarocks 1 2 0 2 341 VIEW_SEARCH_RESULTS_PAGE 1
2019-12-19 11:05:43,978 INFO oliviarocks 1 2 0 2 341 DOCUMENT_HOVER_IN 0 341 162 -2 ad-top
2019-12-19 11:05:44,007 INFO oliviarocks 1 2 0 2 341 DOCUMENT_HOVER_OUT 0 341 162 -2 ad-top
2019-12-19 11:05:44,045 INFO oliviarocks 1 2 0 2 341 DOCUMENT_HOVER_IN 45117 1326533 563 -2 1
2019-12-19 11:05:44,137 INFO oliviarocks 1 2 0 2 341 DOCUMENT_HOVER_OUT 45117 1326533 563 -2 1
2019-12-19 11:05:44,157 INFO oliviarocks 1 2 0 2 341 DOCUMENT_HOVER_IN 14289 434828 110 -2 2
2019-12-19 11:05:45,160 INFO oliviarocks 1 2 0 2 341 DOCUMENT_HOVER_OUT 14289 434828 110 -2 2
2019-12-19 11:05:45,170 INFO oliviarocks 1 2 0 2 341 DOCUMENT_HOVER_IN 9176 279661 738 -2 3
2019-12-19 11:05:47,014 INFO oliviarocks 1 2 0 2 341 DOC_CLICKED 9176  0 -2 -2
2019-12-19 11:05:47,019 INFO oliviarocks 1 2 0 2 341 DOC_MARKED_VIEWED 9176 279661 738 -2 3
2019-12-19 11:06:06,086 INFO oliviarocks 1 2 0 2 341 DOCUMENT_HOVER_IN 9176 341 738 -2 ad-top
2019-12-19 11:06:06,119 INFO oliviarocks 1 2 0 2 341 DOCUMENT_HOVER_OUT 9176 341 738 -2 ad-top
2019-12-19 11:06:06,964 INFO oliviarocks 1 2 0 2 341 DOC_MARKED_RELEVANT 9176 279661 738 1 3
2019-12-19 11:06:07,896 INFO oliviarocks 1 2 0 2 341 QUERY_START 'DIFFERENT AIRPORTS use SECURITY MEASURES to better screen passengers and their carry-on luggage.'
2019-12-19 11:06:13,409 INFO oliviarocks 1 2 0 2 341 QUERY_END 'DIFFERENT AIRPORTS use SECURITY MEASURES to better screen passengers and their carry-on luggage.'
2019-12-19 11:06:13,414 INFO oliviarocks 1 2 0 2 341 QUERY_COMPLETE 'DIFFERENT AIRPORTS use SECURITY MEASURES to better screen passengers and their carry-on luggage.'
2019-12-19 11:06:13,419 INFO oliviarocks 1 2 0 2 341 SEARCH_RESULTS_PAGE_QUALITY 1  0 10 8
2019-12-19 11:06:13,424 INFO oliviarocks 1 2 0 2 341 QUERY_PERFORMANCE 'DIFFERENT AIRPORTS use SECURITY MEASURES to better screen passengers and their carry-on luggage.' 1.0 0.5 0.67 0.75 0.8 0.83 0.86 0.88 0.78 0.8
2019-12-19 11:06:13,436 INFO oliviarocks 1 2 0 2 341 VIEW_SEARCH_RESULTS_PAGE 1
2019-12-19 11:06:15,511 INFO oliviarocks 1 2 0 2 341 DOCUMENT_HOVER_IN 0 341 162 -2 ad-top
2019-12-19 11:06:15,588 INFO oliviarocks 1 2 0 2 341 DOCUMENT_HOVER_OUT 0 341 162 -2 ad-top
2019-12-19 11:06:15,600 INFO oliviarocks 1 2 0 2 341 DOCUMENT_HOVER_IN 45117 1326533 563 -2 1
2019-12-19 11:06:19,376 INFO oliviarocks 1 2 0 2 341 DOC_CLICKED 45117  0 -2 -2
2019-12-19 11:06:19,382 INFO oliviarocks 1 2 0 2 341 DOC_MARKED_VIEWED 45117 1326533 563 -2 1
2019-12-19 11:06:19,894 INFO oliviarocks 1 2 0 2 341 DOCUMENT_HOVER_IN 45117 341 563 -2 ad-top
2019-12-19 11:06:20,133 INFO oliviarocks 1 2 0 2 341 DOCUMENT_HOVER_OUT 45117 341 563 -2 ad-top
2019-12-19 11:06:40,561 INFO oliviarocks 1 2 0 2 341 DOCUMENT_HOVER_IN 45117 341 563 -2 ad-top
2019-12-19 11:06:40,599 INFO oliviarocks 1 2 0 2 341 DOCUMENT_HOVER_OUT 45117 341 563 -2 ad-top
2019-12-19 11:06:41,443 INFO oliviarocks 1 2 0 2 341 DOC_MARKED_RELEVANT 45117 1326533 563 1 1
2019-12-19 11:06:42,478 INFO oliviarocks 1 2 0 2 341 QUERY_START 'DIFFERENT AIRPORTS use SECURITY MEASURES to better screen passengers and their carry-on luggage.'
2019-12-19 11:06:48,032 INFO oliviarocks 1 2 0 2 341 QUERY_END 'DIFFERENT AIRPORTS use SECURITY MEASURES to better screen passengers and their carry-on luggage.'
2019-12-19 11:06:48,035 INFO oliviarocks 1 2 0 2 341 QUERY_COMPLETE 'DIFFERENT AIRPORTS use SECURITY MEASURES to better screen passengers and their carry-on luggage.'
2019-12-19 11:06:48,038 INFO oliviarocks 1 2 0 2 341 SEARCH_RESULTS_PAGE_QUALITY 1  0 10 8
2019-12-19 11:06:48,042 INFO oliviarocks 1 2 0 2 341 QUERY_PERFORMANCE 'DIFFERENT AIRPORTS use SECURITY MEASURES to better screen passengers and their carry-on luggage.' 1.0 0.5 0.67 0.75 0.8 0.83 0.86 0.88 0.78 0.8
2019-12-19 11:06:48,050 INFO oliviarocks 1 2 0 2 341 VIEW_SEARCH_RESULTS_PAGE 1
2019-12-19 11:06:52,630 INFO oliviarocks 1 2 0 2 341 DOCUMENT_HOVER_IN 48633 1424628 475 -2 5
2019-12-19 11:06:52,786 INFO oliviarocks 1 2 0 2 341 DOCUMENT_HOVER_OUT 48633 1424628 475 -2 5
2019-12-19 11:06:53,029 INFO oliviarocks 1 2 0 2 341 DOCUMENT_HOVER_IN 20443 620705 738 -2 6
2019-12-19 11:06:56,659 INFO oliviarocks 1 2 0 2 341 DOCUMENT_HOVER_OUT 20443 620705 738 -2 6
2019-12-19 11:06:56,962 INFO oliviarocks 1 2 0 2 341 DOCUMENT_HOVER_IN 0 341 162 -2 ad-bot
2019-12-19 11:07:01,056 INFO oliviarocks 1 2 0 2 341 DOCUMENT_HOVER_OUT 0 341 162 -2 ad-bot
2019-12-19 11:07:01,061 INFO oliviarocks 1 2 0 2 341 DOCUMENT_HOVER_IN 46947 1381242 491 -2 10
2019-12-19 11:07:02,648 INFO oliviarocks 1 2 0 2 341 DOCUMENT_HOVER_OUT 46947 1381242 491 -2 10
2019-12-19 11:07:02,655 INFO oliviarocks 1 2 0 2 341 DOCUMENT_HOVER_IN 45214 1328926 348 -2 9
2019-12-19 11:07:03,556 INFO oliviarocks 1 2 0 2 341 DOCUMENT_HOVER_OUT 45214 1328926 348 -2 9
2019-12-19 11:07:03,573 INFO oliviarocks 1 2 0 2 341 DOCUMENT_HOVER_IN 29127 871951 526 -2 8
2019-12-19 11:07:05,305 INFO oliviarocks 1 2 0 2 341 DOCUMENT_HOVER_OUT 29127 871951 526 -2 8
2019-12-19 11:07:05,318 INFO oliviarocks 1 2 0 2 341 DOCUMENT_HOVER_IN 7926 238986 1140 -2 7
2019-12-19 11:07:07,387 INFO oliviarocks 1 2 0 2 341 DOC_CLICKED 7926  0 -2 -2
2019-12-19 11:07:07,393 INFO oliviarocks 1 2 0 2 341 DOC_MARKED_VIEWED 7926 238986 1140 -2 7
2019-12-19 11:07:20,239 INFO oliviarocks 1 2 0 2 341 DOC_MARKED_RELEVANT 7926 238986 1140 1 7
2019-12-19 11:07:21,954 INFO oliviarocks 1 2 0 2 341 QUERY_START 'DIFFERENT AIRPORTS use SECURITY MEASURES to better screen passengers and their carry-on luggage.'
2019-12-19 11:07:27,492 INFO oliviarocks 1 2 0 2 341 QUERY_END 'DIFFERENT AIRPORTS use SECURITY MEASURES to better screen passengers and their carry-on luggage.'
2019-12-19 11:07:27,496 INFO oliviarocks 1 2 0 2 341 QUERY_COMPLETE 'DIFFERENT AIRPORTS use SECURITY MEASURES to better screen passengers and their carry-on luggage.'
2019-12-19 11:07:27,499 INFO oliviarocks 1 2 0 2 341 SEARCH_RESULTS_PAGE_QUALITY 1  0 10 8
2019-12-19 11:07:27,502 INFO oliviarocks 1 2 0 2 341 QUERY_PERFORMANCE 'DIFFERENT AIRPORTS use SECURITY MEASURES to better screen passengers and their carry-on luggage.' 1.0 0.5 0.67 0.75 0.8 0.83 0.86 0.88 0.78 0.8
2019-12-19 11:07:27,510 INFO oliviarocks 1 2 0 2 341 VIEW_SEARCH_RESULTS_PAGE 1
2019-12-19 11:07:28,717 INFO oliviarocks 1 2 0 2 341 DOCUMENT_HOVER_IN 0 341 162 -2 ad-top
2019-12-19 11:07:28,790 INFO oliviarocks 1 2 0 2 341 DOCUMENT_HOVER_OUT 0 341 162 -2 ad-top
2019-12-19 11:07:28,808 INFO oliviarocks 1 2 0 2 341 DOCUMENT_HOVER_IN 45117 1326533 563 1 1
2019-12-19 11:07:29,548 INFO oliviarocks 1 2 0 2 341 DOCUMENT_HOVER_IN 9176 279661 738 1 3
2019-12-19 11:07:29,556 INFO oliviarocks 1 2 0 2 341 DOCUMENT_HOVER_OUT 45117 1326533 563 1 1
2019-12-19 11:07:30,227 INFO oliviarocks 1 2 0 2 341 DOCUMENT_HOVER_IN 48633 1424628 475 -2 5
2019-12-19 11:07:30,231 INFO oliviarocks 1 2 0 2 341 DOCUMENT_HOVER_OUT 9176 279661 738 1 3
2019-12-19 11:07:31,770 INFO oliviarocks 1 2 0 2 341 DOCUMENT_HOVER_OUT 48633 1424628 475 -2 5
2019-12-19 11:07:32,019 INFO oliviarocks 1 2 0 2 341 DOCUMENT_HOVER_IN 48633 1424628 475 -2 5
2019-12-19 11:07:32,078 INFO oliviarocks 1 2 0 2 341 DOCUMENT_HOVER_OUT 48633 1424628 475 -2 5
2019-12-19 11:07:32,106 INFO oliviarocks 1 2 0 2 341 DOCUMENT_HOVER_IN 8242 249596 2135 -2 4
2019-12-19 11:07:33,351 INFO oliviarocks 1 2 0 2 341 DOC_CLICKED 8242  0 -2 -2
2019-12-19 11:07:33,424 INFO oliviarocks 1 2 0 2 341 DOC_MARKED_VIEWED 8242 249596 2135 -2 4
2019-12-19 11:07:37,907 INFO oliviarocks 1 2 0 2 341 DOCUMENT_HOVER_IN 8242 341 2135 -2 ad-top
2019-12-19 11:07:38,182 INFO oliviarocks 1 2 0 2 341 DOCUMENT_HOVER_OUT 8242 341 2135 -2 ad-top
2019-12-19 11:07:47,752 INFO oliviarocks 1 2 0 2 341 DOC_MARKED_RELEVANT 8242 249596 2135 1 4
2019-12-19 11:07:50,530 INFO oliviarocks 1 2 0 2 341 QUERY_START 'DIFFERENT AIRPORTS use SECURITY MEASURES to better screen passengers and their carry-on luggage.'
2019-12-19 11:07:56,069 INFO oliviarocks 1 2 0 2 341 QUERY_END 'DIFFERENT AIRPORTS use SECURITY MEASURES to better screen passengers and their carry-on luggage.'
2019-12-19 11:07:56,073 INFO oliviarocks 1 2 0 2 341 QUERY_COMPLETE 'DIFFERENT AIRPORTS use SECURITY MEASURES to better screen passengers and their carry-on luggage.'
2019-12-19 11:07:56,077 INFO oliviarocks 1 2 0 2 341 SEARCH_RESULTS_PAGE_QUALITY 1  0 10 8
2019-12-19 11:07:56,081 INFO oliviarocks 1 2 0 2 341 QUERY_PERFORMANCE 'DIFFERENT AIRPORTS use SECURITY MEASURES to better screen passengers and their carry-on luggage.' 1.0 0.5 0.67 0.75 0.8 0.83 0.86 0.88 0.78 0.8
2019-12-19 11:07:56,088 INFO oliviarocks 1 2 0 2 341 VIEW_SEARCH_RESULTS_PAGE 1
2019-12-19 11:07:57,315 INFO oliviarocks 1 2 0 2 341 DOCUMENT_HOVER_IN 0 341 162 -2 ad-top
2019-12-19 11:07:59,684 INFO oliviarocks 1 2 0 2 341 DOCUMENT_HOVER_IN 14289 434828 110 -2 2
2019-12-19 11:07:59,695 INFO oliviarocks 1 2 0 2 341 DOCUMENT_HOVER_OUT 0 341 162 -2 ad-top
2019-12-19 11:08:00,404 INFO oliviarocks 1 2 0 2 341 DOCUMENT_HOVER_OUT 14289 434828 110 -2 2
2019-12-19 11:08:01,057 INFO oliviarocks 1 2 0 2 341 DOCUMENT_HOVER_IN 20443 620705 738 -2 6
2019-12-19 11:08:01,708 INFO oliviarocks 1 2 0 2 341 DOCUMENT_HOVER_OUT 20443 620705 738 -2 6
2019-12-19 11:08:02,238 INFO oliviarocks 1 2 0 2 341 DOCUMENT_HOVER_IN 29127 871951 526 -2 8
2019-12-19 11:08:02,813 INFO oliviarocks 1 2 0 2 341 DOCUMENT_HOVER_IN 45214 1328926 348 -2 9
2019-12-19 11:08:02,827 INFO oliviarocks 1 2 0 2 341 DOCUMENT_HOVER_OUT 29127 871951 526 -2 8
2019-12-19 11:08:03,669 INFO oliviarocks 1 2 0 2 341 DOCUMENT_HOVER_OUT 45214 1328926 348 -2 9
2019-12-19 11:08:03,678 INFO oliviarocks 1 2 0 2 341 DOCUMENT_HOVER_IN 0 341 162 -2 ad-top
2019-12-19 11:08:03,977 INFO oliviarocks 1 2 0 2 341 DOCUMENT_HOVER_OUT 0 341 162 -2 ad-top
2019-12-19 11:08:04,608 INFO oliviarocks 1 2 0 2 341 QUERY_FOCUS
2019-12-19 11:08:10,909 INFO oliviarocks 1 2 0 2 341 QUERY_ISSUED 'airport security for passengers'
2019-12-19 11:08:10,913 INFO oliviarocks 1 2 0 2 341 QUERY_START 'airport security for passengers'
2019-12-19 11:08:11,375 INFO oliviarocks 1 2 0 2 341 QUERY_END 'airport security for passengers'
2019-12-19 11:08:11,378 INFO oliviarocks 1 2 0 2 341 QUERY_COMPLETE 'airport security for passengers'
2019-12-19 11:08:11,381 INFO oliviarocks 1 2 0 2 341 SEARCH_RESULTS_PAGE_QUALITY 1  0 10 5
2019-12-19 11:08:11,385 INFO oliviarocks 1 2 0 2 341 QUERY_PERFORMANCE 'airport security for passengers' 0.0 0.5 0.67 0.75 0.8 0.83 0.71 0.62 0.56 0.5
2019-12-19 11:08:11,393 INFO oliviarocks 1 2 0 2 341 VIEW_SEARCH_RESULTS_PAGE 1
2019-12-19 11:08:12,403 INFO oliviarocks 1 2 0 2 341 DOCUMENT_HOVER_IN 0 341 162 -2 ad-top
2019-12-19 11:08:13,240 INFO oliviarocks 1 2 0 2 341 DOCUMENT_HOVER_OUT 0 341 162 -2 ad-top
2019-12-19 11:08:13,490 INFO oliviarocks 1 2 0 2 341 DOCUMENT_HOVER_IN 61958 1782306 789 -2 1
2019-12-19 11:08:20,057 INFO oliviarocks 1 2 0 2 341 DOCUMENT_HOVER_OUT 61958 1782306 789 -2 1
2019-12-19 11:08:20,333 INFO oliviarocks 1 2 0 2 341 DOCUMENT_HOVER_IN 61958 1782306 789 -2 1
2019-12-19 11:08:20,984 INFO oliviarocks 1 2 0 2 341 DOC_CLICKED 61958  0 -2 -2
2019-12-19 11:08:20,989 INFO oliviarocks 1 2 0 2 341 DOC_MARKED_VIEWED 61958 1782306 789 -2 1
2019-12-19 11:08:35,169 INFO oliviarocks 1 2 0 2 341 DOCUMENT_HOVER_IN 61958 341 789 -2 ad-top
2019-12-19 11:08:35,202 INFO oliviarocks 1 2 0 2 341 DOCUMENT_HOVER_OUT 61958 341 789 -2 ad-top
2019-12-19 11:08:36,061 INFO oliviarocks 1 2 0 2 341 DOC_MARKED_RELEVANT 61958 1782306 789 1 1
2019-12-19 11:08:39,356 INFO oliviarocks 1 2 0 2 341 VIEW_SAVED_DOCS
2019-12-19 11:09:15,751 INFO oliviarocks 1 2 0 2 341 CONCEPT_LISTING_COMPLETED
2019-12-19 11:09:16,047 INFO oliviarocks 1 2 0 2 341 POST_TASK_SURVEY_STARTED
2019-12-19 11:09:26,573 INFO oliviarocks 1 2 0 2 341 POST_TASK_SURVEY_COMPLETED
2019-12-19 11:09:26,801 INFO oliviarocks 1 2 0 2 341 PERCEPTION_SURVEY_STARTED
2019-12-19 11:09:35,598 INFO oliviarocks 1 2 0 2 341 PERCEPTION_SURVEY_COMPLETED
2019-12-19 11:09:35,845 INFO oliviarocks 1 2 0 2 341 SYSTEM_SURVEY_STARTED
2019-12-19 11:09:46,999 INFO oliviarocks 1 2 0 2 341 SYSTEM_SURVEY_COMPLETED
2019-12-19 11:09:49,318 INFO oliviarocks 1 4 0 3 435 PRE_TASK_SURVEY_STARTED
2019-12-19 11:10:41,822 INFO oliviarocks 1 4 0 3 435 PRE_TASK_SURVEY_COMPLETED
2019-12-19 11:10:42,068 INFO oliviarocks 1 4 0 3 435 VIEW_TASK_SPACER_DETAILS
2019-12-19 11:10:54,185 INFO oliviarocks 1 4 0 3 435 SEARCH_TASK_COMMENCED
2019-12-19 11:10:54,194 INFO oliviarocks 1 4 0 3 435 VIEW_SEARCH_BOX 1
2019-12-19 11:10:54,386 INFO oliviarocks 1 4 0 3 435 QUERY_FOCUS
2019-12-19 11:11:01,597 INFO oliviarocks 1 4 0 3 435 QUERY_ISSUED 'reduce population growth'
2019-12-19 11:11:01,601 INFO oliviarocks 1 4 0 3 435 QUERY_START 'reduce population growth'
2019-12-19 11:11:02,011 INFO oliviarocks 1 4 0 3 435 QUERY_END 'reduce population growth'
2019-12-19 11:11:02,015 INFO oliviarocks 1 4 0 3 435 QUERY_COMPLETE 'reduce population growth'
2019-12-19 11:11:02,018 INFO oliviarocks 1 4 0 3 435 SEARCH_RESULTS_PAGE_QUALITY 1  0 10 4
2019-12-19 11:11:02,022 INFO oliviarocks 1 4 0 3 435 QUERY_PERFORMANCE 'reduce population growth' 0.0 0.5 0.67 0.5 0.4 0.33 0.29 0.25 0.33 0.4
2019-12-19 11:11:02,038 INFO oliviarocks 1 4 0 3 435 VIEW_SEARCH_RESULTS_PAGE 1
2019-12-19 11:11:10,157 INFO oliviarocks 1 4 0 3 435 DOCUMENT_HOVER_IN 0 0 162 -2 ad-top
2019-12-19 11:11:10,310 INFO oliviarocks 1 4 0 3 435 DOCUMENT_HOVER_IN 203 XIE19960206.0028 101 -2 1
2019-12-19 11:11:10,373 INFO oliviarocks 1 4 0 3 435 DOCUMENT_HOVER_OUT 0 0 162 -2 ad-top
2019-12-19 11:11:11,017 INFO oliviarocks 1 4 0 3 435 DOC_CLICKED 203  0 -2 -2
2019-12-19 11:11:11,023 INFO oliviarocks 1 4 0 3 435 DOC_MARKED_VIEWED 203 XIE19960206.0028 101 -2 1
2019-12-19 11:11:20,836 INFO oliviarocks 1 4 0 3 435 DOCUMENT_HOVER_IN 203 435 101 -2 ad-top
2019-12-19 11:11:20,935 INFO oliviarocks 1 4 0 3 435 DOCUMENT_HOVER_OUT 203 435 101 -2 ad-top
2019-12-19 11:11:23,758 INFO oliviarocks 1 4 0 3 435 DOC_MARKED_RELEVANT 203 XIE19960206.0028 101 1 1
2019-12-19 11:11:25,476 INFO oliviarocks 1 4 0 3 435 VIEW_TASK
2019-12-19 11:11:33,409 INFO oliviarocks 1 4 0 3 435 QUERY_START 'reduce population growth'
2019-12-19 11:11:33,835 INFO oliviarocks 1 4 0 3 435 QUERY_END 'reduce population growth'
2019-12-19 11:11:33,838 INFO oliviarocks 1 4 0 3 435 QUERY_COMPLETE 'reduce population growth'
2019-12-19 11:11:33,841 INFO oliviarocks 1 4 0 3 435 SEARCH_RESULTS_PAGE_QUALITY 1  0 10 4
2019-12-19 11:11:33,845 INFO oliviarocks 1 4 0 3 435 QUERY_PERFORMANCE 'reduce population growth' 0.0 0.5 0.67 0.5 0.4 0.33 0.29 0.25 0.33 0.4
2019-12-19 11:11:33,861 INFO oliviarocks 1 4 0 3 435 VIEW_SEARCH_RESULTS_PAGE 1
2019-12-19 11:11:35,246 INFO oliviarocks 1 4 0 3 435 DOCUMENT_HOVER_IN 0 435 162 -2 ad-top
2019-12-19 11:11:35,575 INFO oliviarocks 1 4 0 3 435 DOCUMENT_HOVER_OUT 0 435 162 -2 ad-top
2019-12-19 11:11:35,596 INFO oliviarocks 1 4 0 3 435 DOCUMENT_HOVER_IN 203 XIE19960206.0028 101 1 1
2019-12-19 11:11:35,663 INFO oliviarocks 1 4 0 3 435 DOCUMENT_HOVER_OUT 203 XIE19960206.0028 101 1 1
2019-12-19 11:11:35,669 INFO oliviarocks 1 4 0 3 435 DOCUMENT_HOVER_IN 342 XIE19990515.0147 219 -2 2
2019-12-19 11:11:36,332 INFO oliviarocks 1 4 0 3 435 DOC_CLICKED 342  0 -2 -2
2019-12-19 11:11:36,338 INFO oliviarocks 1 4 0 3 435 DOC_MARKED_VIEWED 342 XIE19990515.0147 219 -2 2
2019-12-19 11:11:42,061 INFO oliviarocks 1 4 0 3 435 DOCUMENT_HOVER_IN 342 0 219 -2 ad-top
2019-12-19 11:11:42,239 INFO oliviarocks 1 4 0 3 435 DOCUMENT_HOVER_OUT 342 0 219 -2 ad-top
2019-12-19 11:11:43,837 INFO oliviarocks 1 4 0 3 435 DOC_MARKED_RELEVANT 342 XIE19990515.0147 219 1 2
2019-12-19 11:11:45,879 INFO oliviarocks 1 4 0 3 435 DOCUMENT_HOVER_IN 342 435 219 -2 ad-side
2019-12-19 11:11:46,535 INFO oliviarocks 1 4 0 3 435 DOCUMENT_HOVER_IN 342 0 219 -2 ad-side
2019-12-19 11:11:46,543 INFO oliviarocks 1 4 0 3 435 DOCUMENT_HOVER_OUT 342 435 219 -2 ad-side
2019-12-19 11:11:46,999 INFO oliviarocks 1 4 0 3 435 DOCUMENT_HOVER_IN 342 435 219 -2 ad-side
2019-12-19 11:11:47,007 INFO oliviarocks 1 4 0 3 435 DOCUMENT_HOVER_OUT 342 0 219 -2 ad-side
2019-12-19 11:11:47,535 INFO oliviarocks 1 4 0 3 435 DOCUMENT_HOVER_OUT 342 435 219 -2 ad-side
2019-12-19 11:11:47,540 INFO oliviarocks 1 4 0 3 435 DOCUMENT_HOVER_IN 342 435 219 -2 ad-side
2019-12-19 11:11:48,209 INFO oliviarocks 1 4 0 3 435 DOCUMENT_HOVER_OUT 342 435 219 -2 ad-side
2019-12-19 11:11:48,213 INFO oliviarocks 1 4 0 3 435 DOCUMENT_HOVER_IN 342 0 219 -2 ad-side
2019-12-19 11:11:56,446 INFO oliviarocks 1 4 0 3 435 DOCUMENT_HOVER_IN 342 435 219 -2 ad-side
2019-12-19 11:11:56,453 INFO oliviarocks 1 4 0 3 435 DOCUMENT_HOVER_OUT 342 0 219 -2 ad-side
2019-12-19 11:11:58,434 INFO oliviarocks 1 4 0 3 435 DOCUMENT_HOVER_OUT 342 435 219 -2 ad-side
2019-12-19 11:11:58,435 INFO oliviarocks 1 4 0 3 435 DOCUMENT_HOVER_IN 342 435 219 -2 ad-side
2019-12-19 11:11:59,182 INFO oliviarocks 1 4 0 3 435 DOCUMENT_HOVER_OUT 342 435 219 -2 ad-side
2019-12-19 11:11:59,655 INFO oliviarocks 1 4 0 3 435 QUERY_START 'reduce population growth'
2019-12-19 11:12:00,075 INFO oliviarocks 1 4 0 3 435 QUERY_END 'reduce population growth'
2019-12-19 11:12:00,078 INFO oliviarocks 1 4 0 3 435 QUERY_COMPLETE 'reduce population growth'
2019-12-19 11:12:00,082 INFO oliviarocks 1 4 0 3 435 SEARCH_RESULTS_PAGE_QUALITY 1  0 10 4
2019-12-19 11:12:00,085 INFO oliviarocks 1 4 0 3 435 QUERY_PERFORMANCE 'reduce population growth' 0.0 0.5 0.67 0.5 0.4 0.33 0.29 0.25 0.33 0.4
2019-12-19 11:12:00,100 INFO oliviarocks 1 4 0 3 435 VIEW_SEARCH_RESULTS_PAGE 1
2019-12-19 11:12:03,416 INFO oliviarocks 1 4 0 3 435 DOCUMENT_HOVER_IN 0 435 162 -2 ad-top
2019-12-19 11:12:03,480 INFO oliviarocks 1 4 0 3 435 DOCUMENT_HOVER_OUT 0 435 162 -2 ad-top
2019-12-19 11:12:03,494 INFO oliviarocks 1 4 0 3 435 DOCUMENT_HOVER_IN 203 XIE19960206.0028 101 1 1
2019-12-19 11:12:03,590 INFO oliviarocks 1 4 0 3 435 DOCUMENT_HOVER_OUT 203 XIE19960206.0028 101 1 1
2019-12-19 11:12:03,609 INFO oliviarocks 1 4 0 3 435 DOCUMENT_HOVER_IN 342 XIE19990515.0147 219 1 2
2019-12-19 11:12:04,606 INFO oliviarocks 1 4 0 3 435 DOCUMENT_HOVER_OUT 342 XIE19990515.0147 219 1 2
2019-12-19 11:12:04,611 INFO oliviarocks 1 4 0 3 435 DOCUMENT_HOVER_IN 406 XIE20000819.0061 97 -2 3
2019-12-19 11:12:04,821 INFO oliviarocks 1 4 0 3 435 DOCUMENT_HOVER_OUT 406 XIE20000819.0061 97 -2 3
2019-12-19 11:12:04,876 INFO oliviarocks 1 4 0 3 435 DOCUMENT_HOVER_IN 328 XIE19981130.0089 203 -2 4
2019-12-19 11:12:05,537 INFO oliviarocks 1 4 0 3 435 DOC_CLICKED 328  0 -2 -2
2019-12-19 11:12:05,542 INFO oliviarocks 1 4 0 3 435 DOC_MARKED_VIEWED 328 XIE19981130.0089 203 -2 4
2019-12-19 11:12:24,077 INFO oliviarocks 1 4 0 3 435 DOCUMENT_HOVER_IN 328 0 203 -2 ad-top
2019-12-19 11:12:24,368 INFO oliviarocks 1 4 0 3 435 DOCUMENT_HOVER_OUT 328 0 203 -2 ad-top
2019-12-19 11:12:25,958 INFO oliviarocks 1 4 0 3 435 DOC_MARKED_RELEVANT 328 XIE19981130.0089 203 1 4
2019-12-19 11:12:26,999 INFO oliviarocks 1 4 0 3 435 QUERY_START 'reduce population growth'
2019-12-19 11:12:27,429 INFO oliviarocks 1 4 0 3 435 QUERY_END 'reduce population growth'
2019-12-19 11:12:27,433 INFO oliviarocks 1 4 0 3 435 QUERY_COMPLETE 'reduce population growth'
2019-12-19 11:12:27,436 INFO oliviarocks 1 4 0 3 435 SEARCH_RESULTS_PAGE_QUALITY 1  0 10 4
2019-12-19 11:12:27,439 INFO oliviarocks 1 4 0 3 435 QUERY_PERFORMANCE 'reduce population growth' 0.0 0.5 0.67 0.5 0.4 0.33 0.29 0.25 0.33 0.4
2019-12-19 11:12:27,455 INFO oliviarocks 1 4 0 3 435 VIEW_SEARCH_RESULTS_PAGE 1
2019-12-19 11:12:29,219 INFO oliviarocks 1 4 0 3 435 DOCUMENT_HOVER_IN 261 XIE19970821.0131 124 -2 5
2019-12-19 11:12:30,250 INFO oliviarocks 1 4 0 3 435 DOCUMENT_HOVER_OUT 261 XIE19970821.0131 124 -2 5
2019-12-19 11:12:30,258 INFO oliviarocks 1 4 0 3 435 DOCUMENT_HOVER_IN 144 APW20000722.0072 291 -2 6
2019-12-19 11:12:30,596 INFO oliviarocks 1 4 0 3 435 DOCUMENT_HOVER_OUT 144 APW20000722.0072 291 -2 6
2019-12-19 11:12:30,632 INFO oliviarocks 1 4 0 3 435 DOCUMENT_HOVER_IN 261 XIE19970821.0131 124 -2 5
2019-12-19 11:12:31,924 INFO oliviarocks 1 4 0 3 435 DOC_CLICKED 261  0 -2 -2
2019-12-19 11:12:31,933 INFO oliviarocks 1 4 0 3 435 DOC_MARKED_VIEWED 261 XIE19970821.0131 124 -2 5
2019-12-19 11:12:32,657 INFO oliviarocks 1 4 0 3 435 DOCUMENT_HOVER_IN 261 0 124 -2 ad-top
2019-12-19 11:12:32,752 INFO oliviarocks 1 4 0 3 435 DOCUMENT_HOVER_OUT 261 0 124 -2 ad-top
2019-12-19 11:12:36,429 INFO oliviarocks 1 4 0 3 435 DOCUMENT_HOVER_IN 261 0 124 -2 ad-top
2019-12-19 11:12:36,467 INFO oliviarocks 1 4 0 3 435 DOCUMENT_HOVER_OUT 261 0 124 -2 ad-top
2019-12-19 11:13:02,462 INFO oliviarocks 1 4 0 3 435 DOC_MARKED_RELEVANT 261 XIE19970821.0131 124 1 5
2019-12-19 11:13:03,270 INFO oliviarocks 1 4 0 3 435 QUERY_START 'reduce population growth'
2019-12-19 11:13:03,612 INFO oliviarocks 1 4 0 3 435 QUERY_END 'reduce population growth'
2019-12-19 11:13:03,614 INFO oliviarocks 1 4 0 3 435 QUERY_COMPLETE 'reduce population growth'
2019-12-19 11:13:03,617 INFO oliviarocks 1 4 0 3 435 SEARCH_RESULTS_PAGE_QUALITY 1  0 10 4
2019-12-19 11:13:03,619 INFO oliviarocks 1 4 0 3 435 QUERY_PERFORMANCE 'reduce population growth' 0.0 0.5 0.67 0.5 0.4 0.33 0.29 0.25 0.33 0.4
2019-12-19 11:13:03,631 INFO oliviarocks 1 4 0 3 435 VIEW_SEARCH_RESULTS_PAGE 1
2019-12-19 11:13:05,865 INFO oliviarocks 1 4 0 3 435 QUERY_FOCUS
2019-12-19 11:13:08,385 INFO oliviarocks 1 4 0 3 435 QUERY_ISSUED 'reduce population growth successful'
2019-12-19 11:13:08,388 INFO oliviarocks 1 4 0 3 435 QUERY_START 'reduce population growth successful'
2019-12-19 11:13:09,205 INFO oliviarocks 1 4 0 3 435 QUERY_END 'reduce population growth successful'
2019-12-19 11:13:09,208 INFO oliviarocks 1 4 0 3 435 QUERY_COMPLETE 'reduce population growth successful'
2019-12-19 11:13:09,212 INFO oliviarocks 1 4 0 3 435 SEARCH_RESULTS_PAGE_QUALITY 1  0 10 3
2019-12-19 11:13:09,215 INFO oliviarocks 1 4 0 3 435 QUERY_PERFORMANCE 'reduce population growth successful' 0.0 0.0 0.0 0.25 0.2 0.33 0.29 0.38 0.33 0.3
2019-12-19 11:13:09,231 INFO oliviarocks 1 4 0 3 435 VIEW_SEARCH_RESULTS_PAGE 1
2019-12-19 11:13:10,129 INFO oliviarocks 1 4 0 3 435 DOCUMENT_HOVER_IN 0 435 162 -2 ad-top
2019-12-19 11:13:10,261 INFO oliviarocks 1 4 0 3 435 DOCUMENT_HOVER_OUT 0 435 162 -2 ad-top
2019-12-19 11:13:10,276 INFO oliviarocks 1 4 0 3 435 DOCUMENT_HOVER_IN 22123 676074 227 -2 1
2019-12-19 11:13:13,721 INFO oliviarocks 1 4 0 3 435 DOCUMENT_HOVER_IN 30317 903133 690 -2 2
2019-12-19 11:13:13,730 INFO oliviarocks 1 4 0 3 435 DOCUMENT_HOVER_OUT 22123 676074 227 -2 1
2019-12-19 11:13:14,628 INFO oliviarocks 1 4 0 3 435 DOCUMENT_HOVER_IN 342 XIE19990515.0147 219 1 4
2019-12-19 11:13:14,632 INFO oliviarocks 1 4 0 3 435 DOCUMENT_HOVER_OUT 30317 903133 690 -2 2
2019-12-19 11:13:15,693 INFO oliviarocks 1 4 0 3 435 DOCUMENT_HOVER_IN 322 XIE19980924.0109 145 -2 5
2019-12-19 11:13:15,698 INFO oliviarocks 1 4 0 3 435 DOCUMENT_HOVER_OUT 342 XIE19990515.0147 219 1 4
2019-12-19 11:13:16,694 INFO oliviarocks 1 4 0 3 435 DOC_CLICKED 322  0 -2 -2
2019-12-19 11:13:16,700 INFO oliviarocks 1 4 0 3 435 DOC_MARKED_VIEWED 322 XIE19980924.0109 145 -2 5
2019-12-19 11:13:24,134 INFO oliviarocks 1 4 0 3 435 DOCUMENT_HOVER_IN 322 0 145 -2 ad-top
2019-12-19 11:13:24,187 INFO oliviarocks 1 4 0 3 435 DOCUMENT_HOVER_OUT 322 0 145 -2 ad-top
2019-12-19 11:13:33,644 INFO oliviarocks 1 4 0 3 435 DOCUMENT_HOVER_IN 322 0 145 -2 ad-bot
2019-12-19 11:13:34,382 INFO oliviarocks 1 4 0 3 435 DOCUMENT_HOVER_OUT 322 0 145 -2 ad-bot
2019-12-19 11:13:34,667 INFO oliviarocks 1 4 0 3 435 DOCUMENT_HOVER_IN 322 0 145 -2 ad-side
2019-12-19 11:13:34,672 INFO oliviarocks 1 4 0 3 435 DOCUMENT_HOVER_OUT 322 0 145 -2 ad-side
2019-12-19 11:13:35,302 INFO oliviarocks 1 4 0 3 435 DOC_MARKED_RELEVANT 322 XIE19980924.0109 145 1 5
2019-12-19 11:13:36,150 INFO oliviarocks 1 4 0 3 435 QUERY_START 'reduce population growth successful'
2019-12-19 11:13:36,731 INFO oliviarocks 1 4 0 3 435 QUERY_END 'reduce population growth successful'
2019-12-19 11:13:36,733 INFO oliviarocks 1 4 0 3 435 QUERY_COMPLETE 'reduce population growth successful'
2019-12-19 11:13:36,736 INFO oliviarocks 1 4 0 3 435 SEARCH_RESULTS_PAGE_QUALITY 1  0 10 3
2019-12-19 11:13:36,738 INFO oliviarocks 1 4 0 3 435 QUERY_PERFORMANCE 'reduce population growth successful' 0.0 0.0 0.0 0.25 0.2 0.33 0.29 0.38 0.33 0.3
2019-12-19 11:13:36,750 INFO oliviarocks 1 4 0 3 435 VIEW_SEARCH_RESULTS_PAGE 1
2019-12-19 11:13:38,803 INFO oliviarocks 1 4 0 3 435 QUERY_FOCUS
2019-12-19 11:13:40,923 INFO oliviarocks 1 4 0 3 435 QUERY_ISSUED 'china population growth successful'
2019-12-19 11:13:40,926 INFO oliviarocks 1 4 0 3 435 QUERY_START 'china population growth successful'
2019-12-19 11:13:41,736 INFO oliviarocks 1 4 0 3 435 QUERY_END 'china population growth successful'
2019-12-19 11:13:41,740 INFO oliviarocks 1 4 0 3 435 QUERY_COMPLETE 'china population growth successful'
2019-12-19 11:13:41,745 INFO oliviarocks 1 4 0 3 435 SEARCH_RESULTS_PAGE_QUALITY 1  0 10 4
2019-12-19 11:13:41,748 INFO oliviarocks 1 4 0 3 435 QUERY_PERFORMANCE 'china population growth successful' 0.0 0.5 0.33 0.5 0.6 0.5 0.43 0.38 0.33 0.4
2019-12-19 11:13:41,765 INFO oliviarocks 1 4 0 3 435 VIEW_SEARCH_RESULTS_PAGE 1
2019-12-19 11:13:43,726 INFO oliviarocks 1 4 0 3 435 DOCUMENT_HOVER_IN 322 XIE19980924.0109 145 1 1
2019-12-19 11:13:45,381 INFO oliviarocks 1 4 0 3 435 DOCUMENT_HOVER_OUT 322 XIE19980924.0109 145 1 1
2019-12-19 11:13:45,625 INFO oliviarocks 1 4 0 3 435 DOCUMENT_HOVER_IN 18649 569249 196 -2 3
2019-12-19 11:13:45,937 INFO oliviarocks 1 4 0 3 435 DOCUMENT_HOVER_OUT 18649 569249 196 -2 3
2019-12-19 11:13:46,044 INFO oliviarocks 1 4 0 3 435 DOCUMENT_HOVER_IN 38343 1138981 1302 -2 4
2019-12-19 11:13:47,628 INFO oliviarocks 1 4 0 3 435 DOCUMENT_HOVER_OUT 38343 1138981 1302 -2 4
2019-12-19 11:13:47,667 INFO oliviarocks 1 4 0 3 435 DOCUMENT_HOVER_IN 18649 569249 196 -2 3
2019-12-19 11:13:48,405 INFO oliviarocks 1 4 0 3 435 DOCUMENT_HOVER_OUT 18649 569249 196 -2 3
2019-12-19 11:13:48,418 INFO oliviarocks 1 4 0 3 435 DOCUMENT_HOVER_IN 0 435 162 -2 ad-top
2019-12-19 11:13:48,661 INFO oliviarocks 1 4 0 3 435 DOCUMENT_HOVER_OUT 0 435 162 -2 ad-top
2019-12-19 11:13:50,470 INFO oliviarocks 1 4 0 3 435 QUERY_FOCUS
2019-12-19 11:13:53,542 INFO oliviarocks 1 4 0 3 435 QUERY_ISSUED 'china measures reduce population growth successful'
2019-12-19 11:13:53,545 INFO oliviarocks 1 4 0 3 435 QUERY_START 'china measures reduce population growth successful'
2019-12-19 11:13:54,740 INFO oliviarocks 1 4 0 3 435 QUERY_END 'china measures reduce population growth successful'
2019-12-19 11:13:54,743 INFO oliviarocks 1 4 0 3 435 QUERY_COMPLETE 'china measures reduce population growth successful'
2019-12-19 11:13:54,745 INFO oliviarocks 1 4 0 3 435 SEARCH_RESULTS_PAGE_QUALITY 1  0 10 3
2019-12-19 11:13:54,748 INFO oliviarocks 1 4 0 3 435 QUERY_PERFORMANCE 'china measures reduce population growth successful' 1.0 0.5 0.33 0.5 0.4 0.5 0.43 0.38 0.33 0.3
2019-12-19 11:13:54,759 INFO oliviarocks 1 4 0 3 435 VIEW_SEARCH_RESULTS_PAGE 1
2019-12-19 11:13:55,156 INFO oliviarocks 1 4 0 3 435 DOCUMENT_HOVER_OUT 0 0 162 -2 ad-top
2019-12-19 11:13:55,269 INFO oliviarocks 1 4 0 3 435 DOCUMENT_HOVER_IN 0 0 162 -2 ad-top
2019-12-19 11:13:55,333 INFO oliviarocks 1 4 0 3 435 DOCUMENT_HOVER_IN 327 XIE19981106.0076 244 -2 1
2019-12-19 11:13:58,680 INFO oliviarocks 1 4 0 3 435 DOC_CLICKED 327  0 -2 -2
2019-12-19 11:13:58,685 INFO oliviarocks 1 4 0 3 435 DOC_MARKED_VIEWED 327 XIE19981106.0076 244 -2 1
2019-12-19 11:14:13,607 INFO oliviarocks 1 4 0 3 435 DOCUMENT_HOVER_IN 327 435 244 -2 ad-top
2019-12-19 11:14:13,695 INFO oliviarocks 1 4 0 3 435 DOCUMENT_HOVER_OUT 327 435 244 -2 ad-top
2019-12-19 11:14:14,913 INFO oliviarocks 1 4 0 3 435 DOC_MARKED_RELEVANT 327 XIE19981106.0076 244 1 1
2019-12-19 11:14:18,580 INFO oliviarocks 1 4 0 3 435 QUERY_START 'china measures reduce population growth successful'
2019-12-19 11:14:20,187 INFO oliviarocks 1 4 0 3 435 QUERY_END 'china measures reduce population growth successful'
2019-12-19 11:14:20,201 INFO oliviarocks 1 4 0 3 435 QUERY_COMPLETE 'china measures reduce population growth successful'
2019-12-19 11:14:20,205 INFO oliviarocks 1 4 0 3 435 SEARCH_RESULTS_PAGE_QUALITY 1  0 10 3
2019-12-19 11:14:20,208 INFO oliviarocks 1 4 0 3 435 QUERY_PERFORMANCE 'china measures reduce population growth successful' 1.0 0.5 0.33 0.5 0.4 0.5 0.43 0.38 0.33 0.3
2019-12-19 11:14:20,223 INFO oliviarocks 1 4 0 3 435 VIEW_SEARCH_RESULTS_PAGE 1
2019-12-19 11:14:21,054 INFO oliviarocks 1 4 0 3 435 DOCUMENT_HOVER_IN 0 435 162 -2 ad-side
2019-12-19 11:14:21,137 INFO oliviarocks 1 4 0 3 435 DOCUMENT_HOVER_OUT 0 435 162 -2 ad-side
2019-12-19 11:14:23,644 INFO oliviarocks 1 4 0 3 435 DOCUMENT_HOVER_IN 38343 1138981 1302 -2 6
2019-12-19 11:14:23,734 INFO oliviarocks 1 4 0 3 435 DOCUMENT_HOVER_OUT 38343 1138981 1302 -2 6
2019-12-19 11:14:23,759 INFO oliviarocks 1 4 0 3 435 DOCUMENT_HOVER_IN 376 XIE19991012.0255 175 -2 7
2019-12-19 11:14:24,577 INFO oliviarocks 1 4 0 3 435 DOC_CLICKED 376  0 -2 -2
2019-12-19 11:14:24,584 INFO oliviarocks 1 4 0 3 435 DOC_MARKED_VIEWED 376 XIE19991012.0255 175 -2 7
2019-12-19 11:14:36,652 INFO oliviarocks 1 4 0 3 435 DOCUMENT_HOVER_IN 376 435 175 -2 ad-top
2019-12-19 11:14:36,817 INFO oliviarocks 1 4 0 3 435 DOCUMENT_HOVER_OUT 376 435 175 -2 ad-top
2019-12-19 11:14:43,154 INFO oliviarocks 1 4 0 3 435 QUERY_START 'china measures reduce population growth successful'
2019-12-19 11:14:44,241 INFO oliviarocks 1 4 0 3 435 QUERY_END 'china measures reduce population growth successful'
2019-12-19 11:14:44,244 INFO oliviarocks 1 4 0 3 435 QUERY_COMPLETE 'china measures reduce population growth successful'
2019-12-19 11:14:44,247 INFO oliviarocks 1 4 0 3 435 SEARCH_RESULTS_PAGE_QUALITY 1  0 10 3
2019-12-19 11:14:44,250 INFO oliviarocks 1 4 0 3 435 QUERY_PERFORMANCE 'china measures reduce population growth successful' 1.0 0.5 0.33 0.5 0.4 0.5 0.43 0.38 0.33 0.3
2019-12-19 11:14:44,264 INFO oliviarocks 1 4 0 3 435 VIEW_SEARCH_RESULTS_PAGE 1
2019-12-19 11:14:45,367 INFO oliviarocks 1 4 0 3 435 QUERY_FOCUS
2019-12-19 11:14:49,782 INFO oliviarocks 1 4 0 3 435 QUERY_ISSUED 'family planning policy'
2019-12-19 11:14:49,786 INFO oliviarocks 1 4 0 3 435 QUERY_START 'family planning policy'
2019-12-19 11:14:50,228 INFO oliviarocks 1 4 0 3 435 QUERY_END 'family planning policy'
2019-12-19 11:14:50,231 INFO oliviarocks 1 4 0 3 435 QUERY_COMPLETE 'family planning policy'
2019-12-19 11:14:50,234 INFO oliviarocks 1 4 0 3 435 SEARCH_RESULTS_PAGE_QUALITY 1  0 10 2
2019-12-19 11:14:50,236 INFO oliviarocks 1 4 0 3 435 QUERY_PERFORMANCE 'family planning policy' 1.0 0.5 0.33 0.25 0.2 0.17 0.14 0.25 0.22 0.2
2019-12-19 11:14:50,249 INFO oliviarocks 1 4 0 3 435 VIEW_SEARCH_RESULTS_PAGE 1
2019-12-19 11:14:51,377 INFO oliviarocks 1 4 0 3 435 DOCUMENT_HOVER_IN 0 408 162 -2 ad-top
2019-12-19 11:14:51,477 INFO oliviarocks 1 4 0 3 435 DOCUMENT_HOVER_IN 657 6462 526 -2 1
2019-12-19 11:14:51,486 INFO oliviarocks 1 4 0 3 435 DOCUMENT_HOVER_OUT 0 408 162 -2 ad-top
2019-12-19 11:14:53,922 INFO oliviarocks 1 4 0 3 435 DOCUMENT_HOVER_OUT 657 6462 526 -2 1
2019-12-19 11:14:55,384 INFO oliviarocks 1 4 0 3 435 DOCUMENT_HOVER_IN 211 XIE19960603.0054 253 -2 3
2019-12-19 11:14:56,847 INFO oliviarocks 1 4 0 3 435 DOC_CLICKED 211  0 -2 -2
2019-12-19 11:14:56,853 INFO oliviarocks 1 4 0 3 435 DOC_MARKED_VIEWED 211 XIE19960603.0054 253 -2 3
2019-12-19 11:14:59,166 INFO oliviarocks 1 4 0 3 435 DOCUMENT_HOVER_IN 211 435 253 -2 ad-top
2019-12-19 11:14:59,198 INFO oliviarocks 1 4 0 3 435 DOCUMENT_HOVER_OUT 211 435 253 -2 ad-top
2019-12-19 11:15:00,545 INFO oliviarocks 1 4 0 3 435 DOC_MARKED_RELEVANT 211 XIE19960603.0054 253 1 3
2019-12-19 11:15:01,575 INFO oliviarocks 1 4 0 3 435 QUERY_START 'family planning policy'
2019-12-19 11:15:02,190 INFO oliviarocks 1 4 0 3 435 QUERY_END 'family planning policy'
2019-12-19 11:15:02,193 INFO oliviarocks 1 4 0 3 435 QUERY_COMPLETE 'family planning policy'
2019-12-19 11:15:02,197 INFO oliviarocks 1 4 0 3 435 SEARCH_RESULTS_PAGE_QUALITY 1  0 10 2
2019-12-19 11:15:02,200 INFO oliviarocks 1 4 0 3 435 QUERY_PERFORMANCE 'family planning policy' 1.0 0.5 0.33 0.25 0.2 0.17 0.14 0.25 0.22 0.2
2019-12-19 11:15:02,216 INFO oliviarocks 1 4 0 3 435 VIEW_SEARCH_RESULTS_PAGE 1
2019-12-19 11:15:06,562 INFO oliviarocks 1 4 0 3 435 DOCUMENT_HOVER_IN 10895 332965 336 -2 4
2019-12-19 11:15:09,869 INFO oliviarocks 1 4 0 3 435 DOC_CLICKED 10895  0 -2 -2
2019-12-19 11:15:09,874 INFO oliviarocks 1 4 0 3 435 DOC_MARKED_VIEWED 10895 332965 336 -2 4
2019-12-19 11:15:36,415 INFO oliviarocks 1 4 0 3 435 DOCUMENT_HOVER_OUT 10895 0 336 -2 ad-top
2019-12-19 11:15:36,427 INFO oliviarocks 1 4 0 3 435 DOCUMENT_HOVER_IN 10895 0 336 -2 ad-top
2019-12-19 11:15:37,644 INFO oliviarocks 1 4 0 3 435 QUERY_START 'family planning policy'
2019-12-19 11:15:38,092 INFO oliviarocks 1 4 0 3 435 QUERY_END 'family planning policy'
2019-12-19 11:15:38,108 INFO oliviarocks 1 4 0 3 435 QUERY_COMPLETE 'family planning policy'
2019-12-19 11:15:38,111 INFO oliviarocks 1 4 0 3 435 SEARCH_RESULTS_PAGE_QUALITY 1  0 10 2
2019-12-19 11:15:38,114 INFO oliviarocks 1 4 0 3 435 QUERY_PERFORMANCE 'family planning policy' 1.0 0.5 0.33 0.25 0.2 0.17 0.14 0.25 0.22 0.2
2019-12-19 11:15:38,130 INFO oliviarocks 1 4 0 3 435 VIEW_SEARCH_RESULTS_PAGE 1
2019-12-19 11:15:38,480 INFO oliviarocks 1 4 0 3 435 DOCUMENT_HOVER_IN 657 6462 526 -2 1
2019-12-19 11:15:38,594 INFO oliviarocks 1 4 0 3 435 DOCUMENT_HOVER_IN 0 0 162 -2 ad-top
2019-12-19 11:15:38,630 INFO oliviarocks 1 4 0 3 435 DOCUMENT_HOVER_OUT 0 0 162 -2 ad-top
2019-12-19 11:15:39,223 INFO oliviarocks 1 4 0 3 435 DOCUMENT_HOVER_IN 4030 114679 414 -2 5
2019-12-19 11:15:39,229 INFO oliviarocks 1 4 0 3 435 DOCUMENT_HOVER_OUT 657 6462 526 -2 1
2019-12-19 11:15:40,004 INFO oliviarocks 1 4 0 3 435 DOCUMENT_HOVER_OUT 4030 114679 414 -2 5
2019-12-19 11:15:40,892 INFO oliviarocks 1 4 0 3 435 DOCUMENT_HOVER_IN 4030 114679 414 -2 5
2019-12-19 11:15:41,657 INFO oliviarocks 1 4 0 3 435 DOCUMENT_HOVER_IN 1783 45579 583 -2 6
2019-12-19 11:15:41,658 INFO oliviarocks 1 4 0 3 435 DOCUMENT_HOVER_OUT 4030 114679 414 -2 5
2019-12-19 11:15:45,354 INFO oliviarocks 1 4 0 3 435 DOC_CLICKED 1783  0 -2 -2
2019-12-19 11:15:45,363 INFO oliviarocks 1 4 0 3 435 DOC_MARKED_VIEWED 1783 45579 583 -2 6
2019-12-19 11:16:08,380 INFO oliviarocks 1 4 0 3 435 DOCUMENT_HOVER_IN 1783 0 583 -2 ad-top
2019-12-19 11:16:08,464 INFO oliviarocks 1 4 0 3 435 DOCUMENT_HOVER_OUT 1783 0 583 -2 ad-top
2019-12-19 11:16:09,059 INFO oliviarocks 1 4 0 3 435 DOC_MARKED_RELEVANT 1783 45579 583 1 6
2019-12-19 11:16:48,565 INFO oliviarocks 1 4 0 3 435 CONCEPT_LISTING_COMPLETED
2019-12-19 11:16:48,835 INFO oliviarocks 1 4 0 3 435 POST_TASK_SURVEY_STARTED
2019-12-19 11:16:56,498 INFO oliviarocks 1 4 0 3 435 POST_TASK_SURVEY_COMPLETED
2019-12-19 11:16:56,746 INFO oliviarocks 1 4 0 3 435 PERCEPTION_SURVEY_STARTED
2019-12-19 11:17:05,327 INFO oliviarocks 1 4 0 3 435 PERCEPTION_SURVEY_COMPLETED
2019-12-19 11:17:05,579 INFO oliviarocks 1 4 0 3 435 SYSTEM_SURVEY_STARTED
2019-12-19 11:17:17,249 INFO oliviarocks 1 4 0 3 435 SYSTEM_SURVEY_COMPLETED
2019-12-19 11:17:19,828 INFO oliviarocks 1 3 0 4 408 PRE_TASK_SURVEY_STARTED
2019-12-19 11:17:52,581 INFO oliviarocks 1 3 0 4 408 PRE_TASK_SURVEY_COMPLETED
2019-12-19 11:17:52,825 INFO oliviarocks 1 3 0 4 408 VIEW_TASK_SPACER_DETAILS
2019-12-19 11:18:02,044 INFO oliviarocks 1 3 0 4 408 SEARCH_TASK_COMMENCED
2019-12-19 11:18:02,055 INFO oliviarocks 1 3 0 4 408 VIEW_SEARCH_BOX 1
2019-12-19 11:18:02,241 INFO oliviarocks 1 3 0 4 408 QUERY_FOCUS
2019-12-19 11:18:08,176 INFO oliviarocks 1 3 0 4 408 QUERY_ISSUED ''tropical storm' damage'
2019-12-19 11:18:08,179 INFO oliviarocks 1 3 0 4 408 QUERY_START ''tropical storm' damage'
2019-12-19 11:18:08,426 INFO oliviarocks 1 3 0 4 408 QUERY_END ''tropical storm' damage'
2019-12-19 11:18:08,429 INFO oliviarocks 1 3 0 4 408 QUERY_COMPLETE ''tropical storm' damage'
2019-12-19 11:18:08,432 INFO oliviarocks 1 3 0 4 408 SEARCH_RESULTS_PAGE_QUALITY 1  0 10 4
2019-12-19 11:18:08,436 INFO oliviarocks 1 3 0 4 408 QUERY_PERFORMANCE ''tropical storm' damage' 0.0 0.5 0.67 0.5 0.6 0.5 0.43 0.38 0.44 0.4
2019-12-19 11:18:08,448 INFO oliviarocks 1 3 0 4 408 VIEW_SEARCH_RESULTS_PAGE 1
2019-12-19 11:18:09,625 INFO oliviarocks 1 3 0 4 408 DOCUMENT_HOVER_IN 0 0 162 -2 ad-top
2019-12-19 11:18:09,913 INFO oliviarocks 1 3 0 4 408 DOCUMENT_HOVER_OUT 0 0 162 -2 ad-top
2019-12-19 11:18:10,009 INFO oliviarocks 1 3 0 4 408 DOCUMENT_HOVER_IN 190 APW20000922.0129 324 -2 1
2019-12-19 11:18:10,937 INFO oliviarocks 1 3 0 4 408 DOCUMENT_HOVER_OUT 190 APW20000922.0129 324 -2 1
2019-12-19 11:18:10,948 INFO oliviarocks 1 3 0 4 408 DOCUMENT_HOVER_IN 0 0 162 -2 ad-top
2019-12-19 11:18:10,980 INFO oliviarocks 1 3 0 4 408 DOCUMENT_HOVER_OUT 0 0 162 -2 ad-top
2019-12-19 11:18:12,549 INFO oliviarocks 1 3 0 4 408 QUERY_FOCUS
2019-12-19 11:18:14,522 INFO oliviarocks 1 3 0 4 408 QUERY_ISSUED ''tropical storm' damage fatal'
2019-12-19 11:18:14,526 INFO oliviarocks 1 3 0 4 408 QUERY_START ''tropical storm' damage fatal'
2019-12-19 11:18:14,958 INFO oliviarocks 1 3 0 4 408 QUERY_END ''tropical storm' damage fatal'
2019-12-19 11:18:14,961 INFO oliviarocks 1 3 0 4 408 QUERY_COMPLETE ''tropical storm' damage fatal'
2019-12-19 11:18:14,965 INFO oliviarocks 1 3 0 4 408 SEARCH_RESULTS_PAGE_QUALITY 1  0 10 4
2019-12-19 11:18:14,968 INFO oliviarocks 1 3 0 4 408 QUERY_PERFORMANCE ''tropical storm' damage fatal' 0.0 0.5 0.33 0.5 0.6 0.5 0.57 0.5 0.44 0.4
2019-12-19 11:18:14,981 INFO oliviarocks 1 3 0 4 408 VIEW_SEARCH_RESULTS_PAGE 1
2019-12-19 11:18:16,039 INFO oliviarocks 1 3 0 4 408 DOCUMENT_HOVER_IN 0 0 162 -2 ad-top
2019-12-19 11:18:16,188 INFO oliviarocks 1 3 0 4 408 DOCUMENT_HOVER_OUT 0 0 162 -2 ad-top
2019-12-19 11:18:16,213 INFO oliviarocks 1 3 0 4 408 DOCUMENT_HOVER_IN 38086 1133030 281 -2 1
2019-12-19 11:18:21,482 INFO oliviarocks 1 3 0 4 408 DOCUMENT_HOVER_OUT 38086 1133030 281 -2 1
2019-12-19 11:18:21,524 INFO oliviarocks 1 3 0 4 408 DOCUMENT_HOVER_IN 23758 725970 667 -2 2
2019-12-19 11:18:22,428 INFO oliviarocks 1 3 0 4 408 DOCUMENT_HOVER_OUT 23758 725970 667 -2 2
2019-12-19 11:18:22,442 INFO oliviarocks 1 3 0 4 408 DOCUMENT_HOVER_IN 190 APW20000922.0129 324 -2 3
2019-12-19 11:18:24,072 INFO oliviarocks 1 3 0 4 408 DOC_CLICKED 190  0 -2 -2
2019-12-19 11:18:24,077 INFO oliviarocks 1 3 0 4 408 DOC_MARKED_VIEWED 190 APW20000922.0129 324 -2 3
2019-12-19 11:18:34,817 INFO oliviarocks 1 3 0 4 408 DOCUMENT_HOVER_IN 190 0 324 -2 ad-top
2019-12-19 11:18:34,911 INFO oliviarocks 1 3 0 4 408 DOCUMENT_HOVER_OUT 190 0 324 -2 ad-top
2019-12-19 11:18:35,539 INFO oliviarocks 1 3 0 4 408 QUERY_START ''tropical storm' damage fatal'
2019-12-19 11:18:35,973 INFO oliviarocks 1 3 0 4 408 QUERY_END ''tropical storm' damage fatal'
2019-12-19 11:18:35,976 INFO oliviarocks 1 3 0 4 408 QUERY_COMPLETE ''tropical storm' damage fatal'
2019-12-19 11:18:35,979 INFO oliviarocks 1 3 0 4 408 SEARCH_RESULTS_PAGE_QUALITY 1  0 10 4
2019-12-19 11:18:35,982 INFO oliviarocks 1 3 0 4 408 QUERY_PERFORMANCE ''tropical storm' damage fatal' 0.0 0.5 0.33 0.5 0.6 0.5 0.57 0.5 0.44 0.4
2019-12-19 11:18:35,994 INFO oliviarocks 1 3 0 4 408 VIEW_SEARCH_RESULTS_PAGE 1
2019-12-19 11:18:39,256 INFO oliviarocks 1 3 0 4 408 DOCUMENT_HOVER_IN 0 0 162 -2 ad-top
2019-12-19 11:18:40,068 INFO oliviarocks 1 3 0 4 408 DOCUMENT_HOVER_OUT 0 0 162 -2 ad-top
2019-12-19 11:18:40,069 INFO oliviarocks 1 3 0 4 408 DOCUMENT_HOVER_IN 23758 725970 667 -2 2
2019-12-19 11:18:42,094 INFO oliviarocks 1 3 0 4 408 DOCUMENT_HOVER_OUT 23758 725970 667 -2 2
2019-12-19 11:18:42,097 INFO oliviarocks 1 3 0 4 408 DOCUMENT_HOVER_IN 190 APW20000922.0129 324 -2 3
2019-12-19 11:18:43,217 INFO oliviarocks 1 3 0 4 408 DOCUMENT_HOVER_OUT 190 APW20000922.0129 324 -2 3
2019-12-19 11:18:43,221 INFO oliviarocks 1 3 0 4 408 DOCUMENT_HOVER_IN 54943 1604408 235 -2 4
2019-12-19 11:18:43,401 INFO oliviarocks 1 3 0 4 408 DOCUMENT_HOVER_OUT 54943 1604408 235 -2 4
2019-12-19 11:18:43,413 INFO oliviarocks 1 3 0 4 408 DOCUMENT_HOVER_IN 23781 726701 227 -2 5
2019-12-19 11:18:43,587 INFO oliviarocks 1 3 0 4 408 DOCUMENT_HOVER_OUT 23781 726701 227 -2 5
2019-12-19 11:18:43,626 INFO oliviarocks 1 3 0 4 408 DOCUMENT_HOVER_IN 185 APW20000916.0103 475 -2 6
2019-12-19 11:18:45,145 INFO oliviarocks 1 3 0 4 408 DOCUMENT_HOVER_IN 38514 1142353 150 -2 7
2019-12-19 11:18:45,152 INFO oliviarocks 1 3 0 4 408 DOCUMENT_HOVER_OUT 185 APW20000916.0103 475 -2 6
2019-12-19 11:18:46,980 INFO oliviarocks 1 3 0 4 408 DOCUMENT_HOVER_OUT 38514 1142353 150 -2 7
2019-12-19 11:18:46,985 INFO oliviarocks 1 3 0 4 408 DOCUMENT_HOVER_IN 51885 1515772 763 -2 8
2019-12-19 11:18:47,326 INFO oliviarocks 1 3 0 4 408 DOCUMENT_HOVER_OUT 51885 1515772 763 -2 8
2019-12-19 11:18:47,340 INFO oliviarocks 1 3 0 4 408 DOCUMENT_HOVER_IN 38514 1142353 150 -2 7
2019-12-19 11:18:48,010 INFO oliviarocks 1 3 0 4 408 DOC_CLICKED 38514  0 -2 -2
2019-12-19 11:18:48,017 INFO oliviarocks 1 3 0 4 408 DOC_MARKED_VIEWED 38514 1142353 150 -2 7
2019-12-19 11:18:57,868 INFO oliviarocks 1 3 0 4 408 DOCUMENT_HOVER_IN 38514 0 150 -2 ad-top
2019-12-19 11:18:58,124 INFO oliviarocks 1 3 0 4 408 DOCUMENT_HOVER_OUT 38514 0 150 -2 ad-top
2019-12-19 11:19:02,403 INFO oliviarocks 1 3 0 4 408 DOC_MARKED_RELEVANT 38514 1142353 150 1 7
2019-12-19 11:19:09,704 INFO oliviarocks 1 3 0 4 408 QUERY_START ''tropical storm' damage fatal'
2019-12-19 11:19:10,135 INFO oliviarocks 1 3 0 4 408 QUERY_END ''tropical storm' damage fatal'
2019-12-19 11:19:10,138 INFO oliviarocks 1 3 0 4 408 QUERY_COMPLETE ''tropical storm' damage fatal'
2019-12-19 11:19:10,141 INFO oliviarocks 1 3 0 4 408 SEARCH_RESULTS_PAGE_QUALITY 1  0 10 4
2019-12-19 11:19:10,144 INFO oliviarocks 1 3 0 4 408 QUERY_PERFORMANCE ''tropical storm' damage fatal' 0.0 0.5 0.33 0.5 0.6 0.5 0.57 0.5 0.44 0.4
2019-12-19 11:19:10,157 INFO oliviarocks 1 3 0 4 408 VIEW_SEARCH_RESULTS_PAGE 1
2019-12-19 11:19:11,168 INFO oliviarocks 1 3 0 4 408 DOCUMENT_HOVER_IN 0 0 162 -2 ad-top
2019-12-19 11:19:11,276 INFO oliviarocks 1 3 0 4 408 DOCUMENT_HOVER_OUT 0 0 162 -2 ad-top
2019-12-19 11:19:11,280 INFO oliviarocks 1 3 0 4 408 DOCUMENT_HOVER_IN 38086 1133030 281 -2 1
2019-12-19 11:19:11,906 INFO oliviarocks 1 3 0 4 408 DOCUMENT_HOVER_IN 190 APW20000922.0129 324 -2 3
2019-12-19 11:19:11,924 INFO oliviarocks 1 3 0 4 408 DOCUMENT_HOVER_OUT 38086 1133030 281 -2 1
2019-12-19 11:19:12,664 INFO oliviarocks 1 3 0 4 408 DOCUMENT_HOVER_OUT 190 APW20000922.0129 324 -2 3
2019-12-19 11:19:12,978 INFO oliviarocks 1 3 0 4 408 DOCUMENT_HOVER_IN 185 APW20000916.0103 475 -2 6
2019-12-19 11:19:13,503 INFO oliviarocks 1 3 0 4 408 DOCUMENT_HOVER_IN 51885 1515772 763 -2 8
2019-12-19 11:19:13,511 INFO oliviarocks 1 3 0 4 408 DOCUMENT_HOVER_OUT 185 APW20000916.0103 475 -2 6
2019-12-19 11:19:14,801 INFO oliviarocks 1 3 0 4 408 DOCUMENT_HOVER_IN 306 XIE19980805.0203 101 -2 9
2019-12-19 11:19:14,802 INFO oliviarocks 1 3 0 4 408 DOCUMENT_HOVER_OUT 51885 1515772 763 -2 8
2019-12-19 11:19:15,577 INFO oliviarocks 1 3 0 4 408 DOCUMENT_HOVER_OUT 306 XIE19980805.0203 101 -2 9
2019-12-19 11:19:15,642 INFO oliviarocks 1 3 0 4 408 DOCUMENT_HOVER_IN 156 APW20000816.0003 281 -2 10
2019-12-19 11:19:16,614 INFO oliviarocks 1 3 0 4 408 DOCUMENT_HOVER_OUT 156 APW20000816.0003 281 -2 10
2019-12-19 11:19:16,661 INFO oliviarocks 1 3 0 4 408 DOCUMENT_HOVER_IN 306 XIE19980805.0203 101 -2 9
2019-12-19 11:19:19,394 INFO oliviarocks 1 3 0 4 408 DOCUMENT_HOVER_IN 0 0 162 -2 ad-top
2019-12-19 11:19:19,399 INFO oliviarocks 1 3 0 4 408 DOCUMENT_HOVER_OUT 306 XIE19980805.0203 101 -2 9
2019-12-19 11:19:19,637 INFO oliviarocks 1 3 0 4 408 DOCUMENT_HOVER_OUT 0 0 162 -2 ad-top
2019-12-19 11:19:21,666 INFO oliviarocks 1 3 0 4 408 DOCUMENT_HOVER_IN 185 APW20000916.0103 475 -2 6
2019-12-19 11:19:22,159 INFO oliviarocks 1 3 0 4 408 DOCUMENT_HOVER_OUT 185 APW20000916.0103 475 -2 6
2019-12-19 11:19:22,174 INFO oliviarocks 1 3 0 4 408 DOCUMENT_HOVER_IN 306 XIE19980805.0203 101 -2 9
2019-12-19 11:19:22,569 INFO oliviarocks 1 3 0 4 408 DOCUMENT_HOVER_OUT 306 XIE19980805.0203 101 -2 9
2019-12-19 11:19:26,913 INFO oliviarocks 1 3 0 4 408 DOCUMENT_HOVER_IN 38086 1133030 281 -2 1
2019-12-19 11:19:28,184 INFO oliviarocks 1 3 0 4 408 DOCUMENT_HOVER_OUT 38086 1133030 281 -2 1
2019-12-19 11:19:30,589 INFO oliviarocks 1 3 0 4 408 DOCUMENT_HOVER_IN 38086 1133030 281 -2 1
2019-12-19 11:19:31,612 INFO oliviarocks 1 3 0 4 408 DOCUMENT_HOVER_OUT 38086 1133030 281 -2 1
2019-12-19 11:19:31,752 INFO oliviarocks 1 3 0 4 408 DOCUMENT_HOVER_OUT 0 0 162 -2 ad-top
2019-12-19 11:19:31,785 INFO oliviarocks 1 3 0 4 408 DOCUMENT_HOVER_IN 0 0 162 -2 ad-top
2019-12-19 11:19:32,327 INFO oliviarocks 1 3 0 4 408 DOCUMENT_HOVER_IN 38514 1142353 150 1 7
2019-12-19 11:19:32,580 INFO oliviarocks 1 3 0 4 408 DOCUMENT_HOVER_IN 156 APW20000816.0003 281 -2 10
2019-12-19 11:19:32,583 INFO oliviarocks 1 3 0 4 408 DOCUMENT_HOVER_OUT 38514 1142353 150 1 7
2019-12-19 11:19:32,810 INFO oliviarocks 1 3 0 4 408 DOCUMENT_HOVER_OUT 156 APW20000816.0003 281 -2 10
2019-12-19 11:19:35,506 INFO oliviarocks 1 3 0 4 408 DOCUMENT_HOVER_IN 38086 1133030 281 -2 1
2019-12-19 11:19:36,287 INFO oliviarocks 1 3 0 4 408 DOCUMENT_HOVER_OUT 38086 1133030 281 -2 1
2019-12-19 11:19:36,300 INFO oliviarocks 1 3 0 4 408 DOCUMENT_HOVER_IN 23758 725970 667 -2 2
2019-12-19 11:19:36,400 INFO oliviarocks 1 3 0 4 408 DOCUMENT_HOVER_OUT 190 APW20000922.0129 324 -2 3
2019-12-19 11:19:36,493 INFO oliviarocks 1 3 0 4 408 DOCUMENT_HOVER_IN 0 0 162 -2 ad-side
2019-12-19 11:19:36,513 INFO oliviarocks 1 3 0 4 408 DOCUMENT_HOVER_IN 190 APW20000922.0129 324 -2 3
2019-12-19 11:19:36,523 INFO oliviarocks 1 3 0 4 408 DOCUMENT_HOVER_OUT 23758 725970 667 -2 2
2019-12-19 11:19:36,594 INFO oliviarocks 1 3 0 4 408 DOCUMENT_HOVER_OUT 0 0 162 -2 ad-side
2019-12-19 11:19:37,057 INFO oliviarocks 1 3 0 4 408 DOCUMENT_HOVER_IN 0 0 162 -2 ad-side
2019-12-19 11:19:37,351 INFO oliviarocks 1 3 0 4 408 DOCUMENT_HOVER_OUT 0 0 162 -2 ad-side
2019-12-19 11:19:37,375 INFO oliviarocks 1 3 0 4 408 DOCUMENT_HOVER_IN 190 APW20000922.0129 324 -2 3
2019-12-19 11:19:37,426 INFO oliviarocks 1 3 0 4 408 DOCUMENT_HOVER_OUT 190 APW20000922.0129 324 -2 3
2019-12-19 11:19:37,464 INFO oliviarocks 1 3 0 4 408 DOCUMENT_HOVER_IN 54943 1604408 235 -2 4
2019-12-19 11:19:37,827 INFO oliviarocks 1 3 0 4 408 DOCUMENT_HOVER_OUT 54943 1604408 235 -2 4
2019-12-19 11:19:49,506 INFO oliviarocks 1 3 0 4 408 DOCUMENT_HOVER_IN 0 0 162 -2 ad-top
2019-12-19 11:19:50,199 INFO oliviarocks 1 3 0 4 408 DOCUMENT_HOVER_OUT 0 0 162 -2 ad-top
2019-12-19 11:19:51,541 INFO oliviarocks 1 3 0 4 408 QUERY_FOCUS
2019-12-19 11:19:59,082 INFO oliviarocks 1 3 0 4 408 QUERY_ISSUED 'storm killed'
2019-12-19 11:19:59,085 INFO oliviarocks 1 3 0 4 408 QUERY_START 'storm killed'
2019-12-19 11:19:59,317 INFO oliviarocks 1 3 0 4 408 QUERY_END 'storm killed'
2019-12-19 11:19:59,320 INFO oliviarocks 1 3 0 4 408 QUERY_COMPLETE 'storm killed'
2019-12-19 11:19:59,323 INFO oliviarocks 1 3 0 4 408 SEARCH_RESULTS_PAGE_QUALITY 1  0 10 4
2019-12-19 11:19:59,327 INFO oliviarocks 1 3 0 4 408 QUERY_PERFORMANCE 'storm killed' 1.0 0.5 0.67 0.5 0.6 0.5 0.43 0.38 0.44 0.4
2019-12-19 11:19:59,339 INFO oliviarocks 1 3 0 4 408 VIEW_SEARCH_RESULTS_PAGE 1
2019-12-19 11:20:00,477 INFO oliviarocks 1 3 0 4 408 DOCUMENT_HOVER_IN 0 0 162 -2 ad-top
2019-12-19 11:20:00,602 INFO oliviarocks 1 3 0 4 408 DOCUMENT_HOVER_OUT 0 0 162 -2 ad-top
2019-12-19 11:20:00,619 INFO oliviarocks 1 3 0 4 408 DOCUMENT_HOVER_IN 11461 352527 66 -2 1
2019-12-19 11:20:04,422 INFO oliviarocks 1 3 0 4 408 DOCUMENT_HOVER_OUT 11461 352527 66 -2 1
2019-12-19 11:20:04,444 INFO oliviarocks 1 3 0 4 408 DOCUMENT_HOVER_IN 170 APW20000829.0207 211 -2 2
2019-12-19 11:20:07,063 INFO oliviarocks 1 3 0 4 408 DOC_CLICKED 170  0 -2 -2
2019-12-19 11:20:07,069 INFO oliviarocks 1 3 0 4 408 DOC_MARKED_VIEWED 170 APW20000829.0207 211 -2 2
2019-12-19 11:20:10,435 INFO oliviarocks 1 3 0 4 408 DOCUMENT_HOVER_IN 170 0 211 -2 ad-top
2019-12-19 11:20:10,449 INFO oliviarocks 1 3 0 4 408 DOCUMENT_HOVER_OUT 170 0 211 -2 ad-top
2019-12-19 11:20:11,537 INFO oliviarocks 1 3 0 4 408 DOC_MARKED_RELEVANT 170 APW20000829.0207 211 1 2
2019-12-19 11:20:12,646 INFO oliviarocks 1 3 0 4 408 QUERY_START 'storm killed'
2019-12-19 11:20:12,879 INFO oliviarocks 1 3 0 4 408 QUERY_END 'storm killed'
2019-12-19 11:20:12,881 INFO oliviarocks 1 3 0 4 408 QUERY_COMPLETE 'storm killed'
2019-12-19 11:20:12,884 INFO oliviarocks 1 3 0 4 408 SEARCH_RESULTS_PAGE_QUALITY 1  0 10 4
2019-12-19 11:20:12,886 INFO oliviarocks 1 3 0 4 408 QUERY_PERFORMANCE 'storm killed' 1.0 0.5 0.67 0.5 0.6 0.5 0.43 0.38 0.44 0.4
2019-12-19 11:20:12,896 INFO oliviarocks 1 3 0 4 408 VIEW_SEARCH_RESULTS_PAGE 1
2019-12-19 11:20:13,561 INFO oliviarocks 1 3 0 4 408 DOCUMENT_HOVER_IN 0 0 162 -2 ad-top
2019-12-19 11:20:13,584 INFO oliviarocks 1 3 0 4 408 DOCUMENT_HOVER_IN 11461 352527 66 -2 1
2019-12-19 11:20:13,595 INFO oliviarocks 1 3 0 4 408 DOCUMENT_HOVER_OUT 0 0 162 -2 ad-top
2019-12-19 11:20:14,936 INFO oliviarocks 1 3 0 4 408 DOCUMENT_HOVER_IN 9326 284431 101 -2 3
2019-12-19 11:20:14,952 INFO oliviarocks 1 3 0 4 408 DOCUMENT_HOVER_OUT 11461 352527 66 -2 1
2019-12-19 11:20:15,383 INFO oliviarocks 1 3 0 4 408 DOCUMENT_HOVER_OUT 9326 284431 101 -2 3
2019-12-19 11:20:15,917 INFO oliviarocks 1 3 0 4 408 DOCUMENT_HOVER_IN 9326 284431 101 -2 3
2019-12-19 11:20:17,150 INFO oliviarocks 1 3 0 4 408 DOC_CLICKED 9326  0 -2 -2
2019-12-19 11:20:17,156 INFO oliviarocks 1 3 0 4 408 DOC_MARKED_VIEWED 9326 284431 101 -2 3
2019-12-19 11:20:27,934 INFO oliviarocks 1 3 0 4 408 DOCUMENT_HOVER_IN 9326 0 101 -2 ad-bot
2019-12-19 11:20:28,110 INFO oliviarocks 1 3 0 4 408 DOCUMENT_HOVER_OUT 9326 0 101 -2 ad-bot
2019-12-19 11:20:29,986 INFO oliviarocks 1 3 0 4 408 DOCUMENT_HOVER_IN 9326 0 101 -2 ad-top
2019-12-19 11:20:30,248 INFO oliviarocks 1 3 0 4 408 DOCUMENT_HOVER_OUT 9326 0 101 -2 ad-top
2019-12-19 11:20:31,813 INFO oliviarocks 1 3 0 4 408 QUERY_START 'storm killed'
2019-12-19 11:20:31,996 INFO oliviarocks 1 3 0 4 408 QUERY_END 'storm killed'
2019-12-19 11:20:31,999 INFO oliviarocks 1 3 0 4 408 QUERY_COMPLETE 'storm killed'
2019-12-19 11:20:32,002 INFO oliviarocks 1 3 0 4 408 SEARCH_RESULTS_PAGE_QUALITY 1  0 10 4
2019-12-19 11:20:32,004 INFO oliviarocks 1 3 0 4 408 QUERY_PERFORMANCE 'storm killed' 1.0 0.5 0.67 0.5 0.6 0.5 0.43 0.38 0.44 0.4
2019-12-19 11:20:32,014 INFO oliviarocks 1 3 0 4 408 VIEW_SEARCH_RESULTS_PAGE 1
2019-12-19 11:20:32,572 INFO oliviarocks 1 3 0 4 408 DOCUMENT_HOVER_IN 0 0 162 -2 ad-top
2019-12-19 11:20:32,625 INFO oliviarocks 1 3 0 4 408 DOCUMENT_HOVER_OUT 0 0 162 -2 ad-top
2019-12-19 11:20:32,654 INFO oliviarocks 1 3 0 4 408 DOCUMENT_HOVER_IN 11461 352527 66 -2 1
2019-12-19 11:20:33,411 INFO oliviarocks 1 3 0 4 408 DOCUMENT_HOVER_OUT 11461 352527 66 -2 1
2019-12-19 11:20:33,416 INFO oliviarocks 1 3 0 4 408 DOCUMENT_HOVER_IN 0 0 162 -2 ad-bot
2019-12-19 11:20:33,473 INFO oliviarocks 1 3 0 4 408 DOCUMENT_HOVER_OUT 0 0 162 -2 ad-bot
2019-12-19 11:20:34,071 INFO oliviarocks 1 3 0 4 408 QUERY_START 'storm killed'
2019-12-19 11:20:34,314 INFO oliviarocks 1 3 0 4 408 QUERY_END 'storm killed'
2019-12-19 11:20:34,318 INFO oliviarocks 1 3 0 4 408 QUERY_COMPLETE 'storm killed'
2019-12-19 11:20:34,321 INFO oliviarocks 1 3 0 4 408 SEARCH_RESULTS_PAGE_QUALITY 2  0 10 8
2019-12-19 11:20:34,324 INFO oliviarocks 1 3 0 4 408 QUERY_PERFORMANCE 'storm killed' 1.0 0.5 0.67 0.75 0.8 0.67 0.71 0.75 0.78 0.8
2019-12-19 11:20:34,337 INFO oliviarocks 1 3 0 4 408 VIEW_SEARCH_RESULTS_PAGE 2
2019-12-19 11:20:34,923 INFO oliviarocks 1 3 0 4 408 DOCUMENT_HOVER_OUT 11080 338433 271 -2 12
2019-12-19 11:20:34,935 INFO oliviarocks 1 3 0 4 408 DOCUMENT_HOVER_IN 8378 254456 40 -2 11
2019-12-19 11:20:35,014 INFO oliviarocks 1 3 0 4 408 DOCUMENT_HOVER_IN 11080 338433 271 -2 12
2019-12-19 11:20:35,709 INFO oliviarocks 1 3 0 4 408 DOCUMENT_HOVER_OUT 8378 254456 40 -2 11
2019-12-19 11:20:35,747 INFO oliviarocks 1 3 0 4 408 DOCUMENT_HOVER_IN 11080 338433 271 -2 12
2019-12-19 11:20:39,598 INFO oliviarocks 1 3 0 4 408 DOCUMENT_HOVER_OUT 11080 338433 271 -2 12
2019-12-19 11:20:39,622 INFO oliviarocks 1 3 0 4 408 DOCUMENT_HOVER_IN 8378 254456 40 -2 11
2019-12-19 11:20:40,264 INFO oliviarocks 1 3 0 4 408 DOC_CLICKED 8378  0 -2 -2
2019-12-19 11:20:40,271 INFO oliviarocks 1 3 0 4 408 DOC_MARKED_VIEWED 8378 254456 40 -2 11
2019-12-19 11:20:46,591 INFO oliviarocks 1 3 0 4 408 DOCUMENT_HOVER_IN 8378 0 40 -2 ad-bot
2019-12-19 11:20:47,140 INFO oliviarocks 1 3 0 4 408 DOCUMENT_HOVER_OUT 8378 0 40 -2 ad-bot
2019-12-19 11:20:47,574 INFO oliviarocks 1 3 0 4 408 DOCUMENT_HOVER_IN 8378 0 40 -2 ad-top
2019-12-19 11:20:47,786 INFO oliviarocks 1 3 0 4 408 DOCUMENT_HOVER_OUT 8378 0 40 -2 ad-top
2019-12-19 11:20:48,534 INFO oliviarocks 1 3 0 4 408 QUERY_START 'storm killed'
2019-12-19 11:20:48,730 INFO oliviarocks 1 3 0 4 408 QUERY_END 'storm killed'
2019-12-19 11:20:48,733 INFO oliviarocks 1 3 0 4 408 QUERY_COMPLETE 'storm killed'
2019-12-19 11:20:48,735 INFO oliviarocks 1 3 0 4 408 SEARCH_RESULTS_PAGE_QUALITY 2  0 10 8
2019-12-19 11:20:48,738 INFO oliviarocks 1 3 0 4 408 QUERY_PERFORMANCE 'storm killed' 1.0 0.5 0.67 0.75 0.8 0.67 0.71 0.75 0.78 0.8
2019-12-19 11:20:48,747 INFO oliviarocks 1 3 0 4 408 VIEW_SEARCH_RESULTS_PAGE 2
2019-12-19 11:20:49,227 INFO oliviarocks 1 3 0 4 408 DOCUMENT_HOVER_IN 0 0 162 -2 ad-top
2019-12-19 11:20:49,527 INFO oliviarocks 1 3 0 4 408 DOCUMENT_HOVER_OUT 0 0 162 -2 ad-top
2019-12-19 11:20:49,945 INFO oliviarocks 1 3 0 4 408 QUERY_FOCUS
2019-12-19 11:20:52,193 INFO oliviarocks 1 3 0 4 408 QUERY_ISSUED 'storm killed vietnam'
2019-12-19 11:20:52,197 INFO oliviarocks 1 3 0 4 408 QUERY_START 'storm killed vietnam'
2019-12-19 11:20:52,590 INFO oliviarocks 1 3 0 4 408 QUERY_END 'storm killed vietnam'
2019-12-19 11:20:52,595 INFO oliviarocks 1 3 0 4 408 QUERY_COMPLETE 'storm killed vietnam'
2019-12-19 11:20:52,600 INFO oliviarocks 1 3 0 4 408 SEARCH_RESULTS_PAGE_QUALITY 1  0 10 2
2019-12-19 11:20:52,604 INFO oliviarocks 1 3 0 4 408 QUERY_PERFORMANCE 'storm killed vietnam' 1.0 0.5 0.33 0.25 0.2 0.17 0.14 0.12 0.11 0.2
2019-12-19 11:20:52,621 INFO oliviarocks 1 3 0 4 408 VIEW_SEARCH_RESULTS_PAGE 1
2019-12-19 11:20:54,772 INFO oliviarocks 1 3 0 4 408 DOCUMENT_HOVER_IN 0 0 162 -2 ad-top
2019-12-19 11:20:54,903 INFO oliviarocks 1 3 0 4 408 DOCUMENT_HOVER_OUT 0 0 162 -2 ad-top
2019-12-19 11:20:54,916 INFO oliviarocks 1 3 0 4 408 DOCUMENT_HOVER_IN 8378 254456 40 -2 1
2019-12-19 11:20:55,417 INFO oliviarocks 1 3 0 4 408 DOCUMENT_HOVER_IN 16332 499563 291 -2 3
2019-12-19 11:20:55,433 INFO oliviarocks 1 3 0 4 408 DOCUMENT_HOVER_OUT 8378 254456 40 -2 1
2019-12-19 11:20:56,585 INFO oliviarocks 1 3 0 4 408 DOCUMENT_HOVER_IN 61765 1777403 763 -2 4
2019-12-19 11:20:56,590 INFO oliviarocks 1 3 0 4 408 DOCUMENT_HOVER_OUT 16332 499563 291 -2 3
2019-12-19 11:20:57,788 INFO oliviarocks 1 3 0 4 408 DOCUMENT_HOVER_OUT 61765 1777403 763 -2 4
2019-12-19 11:20:58,154 INFO oliviarocks 1 3 0 4 408 DOCUMENT_HOVER_IN 64 APW19981211.0335 145 -2 5
2019-12-19 11:20:58,662 INFO oliviarocks 1 3 0 4 408 DOC_CLICKED 64  0 -2 -2
2019-12-19 11:20:58,669 INFO oliviarocks 1 3 0 4 408 DOC_MARKED_VIEWED 64 APW19981211.0335 145 -2 5
2019-12-19 11:21:02,802 INFO oliviarocks 1 3 0 4 408 DOCUMENT_HOVER_IN 64 0 145 -2 ad-top
2019-12-19 11:21:03,216 INFO oliviarocks 1 3 0 4 408 DOCUMENT_HOVER_OUT 64 0 145 -2 ad-top
2019-12-19 11:21:04,701 INFO oliviarocks 1 3 0 4 408 DOC_MARKED_RELEVANT 64 APW19981211.0335 145 1 5
2019-12-19 11:21:08,769 INFO oliviarocks 1 3 0 4 408 QUERY_START 'storm killed vietnam'
2019-12-19 11:21:09,172 INFO oliviarocks 1 3 0 4 408 QUERY_END 'storm killed vietnam'
2019-12-19 11:21:09,176 INFO oliviarocks 1 3 0 4 408 QUERY_COMPLETE 'storm killed vietnam'
2019-12-19 11:21:09,179 INFO oliviarocks 1 3 0 4 408 SEARCH_RESULTS_PAGE_QUALITY 1  0 10 2
2019-12-19 11:21:09,182 INFO oliviarocks 1 3 0 4 408 QUERY_PERFORMANCE 'storm killed vietnam' 1.0 0.5 0.33 0.25 0.2 0.17 0.14 0.12 0.11 0.2
2019-12-19 11:21:09,194 INFO oliviarocks 1 3 0 4 408 VIEW_SEARCH_RESULTS_PAGE 1
2019-12-19 11:21:14,091 INFO oliviarocks 1 3 0 4 408 DOCUMENT_HOVER_IN 0 0 162 -2 ad-top
2019-12-19 11:21:14,262 INFO oliviarocks 1 3 0 4 408 DOCUMENT_HOVER_OUT 0 0 162 -2 ad-top
2019-12-19 11:21:14,950 INFO oliviarocks 1 3 0 4 408 QUERY_FOCUS
2019-12-19 11:21:16,701 INFO oliviarocks 1 3 0 4 408 QUERY_ISSUED 'tropical storm killed vietnam'
2019-12-19 11:21:16,705 INFO oliviarocks 1 3 0 4 408 QUERY_START 'tropical storm killed vietnam'
2019-12-19 11:21:17,166 INFO oliviarocks 1 3 0 4 408 QUERY_END 'tropical storm killed vietnam'
2019-12-19 11:21:17,168 INFO oliviarocks 1 3 0 4 408 QUERY_COMPLETE 'tropical storm killed vietnam'
2019-12-19 11:21:17,172 INFO oliviarocks 1 3 0 4 408 SEARCH_RESULTS_PAGE_QUALITY 1  0 10 6
2019-12-19 11:21:17,175 INFO oliviarocks 1 3 0 4 408 QUERY_PERFORMANCE 'tropical storm killed vietnam' 1.0 0.5 0.33 0.25 0.2 0.33 0.43 0.5 0.56 0.6
2019-12-19 11:21:17,183 INFO oliviarocks 1 3 0 4 408 VIEW_SEARCH_RESULTS_PAGE 1
2019-12-19 11:21:17,998 INFO oliviarocks 1 3 0 4 408 DOCUMENT_HOVER_IN 0 0 162 -2 ad-top
2019-12-19 11:21:18,129 INFO oliviarocks 1 3 0 4 408 DOCUMENT_HOVER_OUT 0 0 162 -2 ad-top
2019-12-19 11:21:18,931 INFO oliviarocks 1 3 0 4 408 DOCUMENT_HOVER_IN 0 0 162 -2 ad-top
2019-12-19 11:21:18,981 INFO oliviarocks 1 3 0 4 408 DOCUMENT_HOVER_OUT 0 0 162 -2 ad-top
2019-12-19 11:21:18,998 INFO oliviarocks 1 3 0 4 408 DOCUMENT_HOVER_IN 0 0 162 -2 ad-side
2019-12-19 11:21:19,344 INFO oliviarocks 1 3 0 4 408 AD_CLICKED 203 side-rp 0 -2 -2
2019-12-19 11:21:20,882 INFO oliviarocks 1 3 0 4 408 DOCUMENT_HOVER_OUT 0 0 162 -2 ad-side
2019-12-19 11:21:22,351 INFO oliviarocks 1 3 0 4 408 DOCUMENT_HOVER_IN 0 0 162 -2 ad-top
2019-12-19 11:21:22,403 INFO oliviarocks 1 3 0 4 408 DOCUMENT_HOVER_OUT 0 0 162 -2 ad-top
2019-12-19 11:21:22,421 INFO oliviarocks 1 3 0 4 408 DOCUMENT_HOVER_IN 8378 254456 40 -2 1
2019-12-19 11:21:22,958 INFO oliviarocks 1 3 0 4 408 DOCUMENT_HOVER_IN 220 XIE19960727.0109 75 -2 2
2019-12-19 11:21:22,972 INFO oliviarocks 1 3 0 4 408 DOCUMENT_HOVER_OUT 8378 254456 40 -2 1
2019-12-19 11:21:26,860 INFO oliviarocks 1 3 0 4 408 DOCUMENT_HOVER_OUT 220 XIE19960727.0109 75 -2 2
2019-12-19 11:21:27,086 INFO oliviarocks 1 3 0 4 408 DOCUMENT_HOVER_IN 220 XIE19960727.0109 75 -2 2
2019-12-19 11:21:27,801 INFO oliviarocks 1 3 0 4 408 DOC_CLICKED 220  0 -2 -2
2019-12-19 11:21:27,808 INFO oliviarocks 1 3 0 4 408 DOC_MARKED_VIEWED 220 XIE19960727.0109 75 -2 2
2019-12-19 11:21:28,475 INFO oliviarocks 1 3 0 4 408 DOCUMENT_HOVER_IN 220 0 75 -2 ad-top
2019-12-19 11:21:28,526 INFO oliviarocks 1 3 0 4 408 DOCUMENT_HOVER_OUT 220 0 75 -2 ad-top
2019-12-19 11:21:29,982 INFO oliviarocks 1 3 0 4 408 DOC_MARKED_RELEVANT 220 XIE19960727.0109 75 1 2
2019-12-19 11:21:32,755 INFO oliviarocks 1 3 0 4 408 VIEW_SAVED_DOCS
2019-12-19 11:21:39,794 INFO oliviarocks 1 3 0 4 408 QUERY_START 'tropical storm killed vietnam'
2019-12-19 11:21:40,241 INFO oliviarocks 1 3 0 4 408 QUERY_END 'tropical storm killed vietnam'
2019-12-19 11:21:40,244 INFO oliviarocks 1 3 0 4 408 QUERY_COMPLETE 'tropical storm killed vietnam'
2019-12-19 11:21:40,248 INFO oliviarocks 1 3 0 4 408 SEARCH_RESULTS_PAGE_QUALITY 1  0 10 6
2019-12-19 11:21:40,251 INFO oliviarocks 1 3 0 4 408 QUERY_PERFORMANCE 'tropical storm killed vietnam' 1.0 0.5 0.33 0.25 0.2 0.33 0.43 0.5 0.56 0.6
2019-12-19 11:21:40,262 INFO oliviarocks 1 3 0 4 408 VIEW_SEARCH_RESULTS_PAGE 1
2019-12-19 11:21:41,091 INFO oliviarocks 1 3 0 4 408 DOCUMENT_HOVER_IN 0 408 162 -2 ad-top
2019-12-19 11:21:41,821 INFO oliviarocks 1 3 0 4 408 DOCUMENT_HOVER_OUT 0 408 162 -2 ad-top
2019-12-19 11:21:42,026 INFO oliviarocks 1 3 0 4 408 DOCUMENT_HOVER_IN 5956 175295 211 -2 6
2019-12-19 11:21:44,302 INFO oliviarocks 1 3 0 4 408 DOC_CLICKED 5956  0 -2 -2
2019-12-19 11:21:44,308 INFO oliviarocks 1 3 0 4 408 DOC_MARKED_VIEWED 5956 175295 211 -2 6
2019-12-19 11:21:47,370 INFO oliviarocks 1 3 0 4 408 DOCUMENT_HOVER_IN 5956 0 211 -2 ad-top
2019-12-19 11:21:47,475 INFO oliviarocks 1 3 0 4 408 DOCUMENT_HOVER_OUT 5956 0 211 -2 ad-top
2019-12-19 11:21:49,214 INFO oliviarocks 1 3 0 4 408 DOC_MARKED_RELEVANT 5956 175295 211 1 6
2019-12-19 11:22:14,513 INFO oliviarocks 1 3 0 4 408 CONCEPT_LISTING_COMPLETED
2019-12-19 11:22:14,786 INFO oliviarocks 1 3 0 4 408 POST_TASK_SURVEY_STARTED
2019-12-19 11:22:21,573 INFO oliviarocks 1 3 0 4 408 POST_TASK_SURVEY_COMPLETED
2019-12-19 11:22:21,805 INFO oliviarocks 1 3 0 4 408 PERCEPTION_SURVEY_STARTED
2019-12-19 11:22:29,479 INFO oliviarocks 1 3 0 4 408 PERCEPTION_SURVEY_COMPLETED
2019-12-19 11:22:29,741 INFO oliviarocks 1 3 0 4 408 SYSTEM_SURVEY_STARTED
2019-12-19 11:22:40,171 INFO oliviarocks 1 3 0 4 408 SYSTEM_SURVEY_COMPLETED
2019-12-19 11:22:42,717 INFO oliviarocks 1 3 0 4 408 PERSONALITY_SURVEY_STARTED
2019-12-19 11:23:13,386 INFO oliviarocks 1 3 0 4 408 PERSONALITY_SURVEY_COMPLETED
2019-12-19 11:23:13,630 INFO oliviarocks 1 3 0 4 408 FINAL_SURVEY_STARTED
2019-12-19 11:23:41,361 INFO oliviarocks 1 3 0 4 408 FINAL_SURVEY_COMPLETED
2019-12-19 11:23:41,596 INFO oliviarocks 1 0 0 347 VIEW_PERFORMANCE  115 6.0 6 0
2019-12-19 11:23:41,605 INFO oliviarocks 1 0 0 341 VIEW_PERFORMANCE  92 3.2 4 1
2019-12-19 11:23:41,614 INFO oliviarocks 1 0 0 435 VIEW_PERFORMANCE  99 0.5 2 6
2019-12-19 11:23:41,625 INFO oliviarocks 1 0 0 408 VIEW_PERFORMANCE  324 0.8 2 3
